This file contains any messages produced by compilers while
running configure, to aid debugging if configure makes a mistake.

It was created by FOXTESTS configure 1.4.21, which was
generated by GNU Autoconf 2.63.  Invocation command line was

  $ /usr/local/etc/reduce/csl/foxtests/configure --with-csl --with-build=x86_64-unknown-ubuntu14.04 --with-fox=/usr/local/etc/reduce/cslbuild/x86_64-unknown-ubuntu14.04 --with-fox-pending=yes --with-xft

## --------- ##
## Platform. ##
## --------- ##

hostname = loris-5
uname -m = x86_64
uname -r = 3.16.0-30-generic
uname -s = Linux
uname -v = #40~14.04.1-Ubuntu SMP Thu Jan 15 17:43:14 UTC 2015

/usr/bin/uname -p = unknown
/bin/uname -X     = unknown

/bin/arch              = unknown
/usr/bin/arch -k       = unknown
/usr/convex/getsysinfo = unknown
/usr/bin/hostinfo      = unknown
/bin/machine           = unknown
/usr/bin/oslevel       = unknown
/bin/universe          = unknown

PATH: /usr/local/sbin
PATH: /usr/local/bin
PATH: /usr/sbin
PATH: /usr/bin
PATH: /sbin
PATH: /bin


## ----------- ##
## Core tests. ##
## ----------- ##

configure:1934: checking for a BSD-compatible install
configure:2002: result: /usr/bin/install -c
configure:2013: checking whether build environment is sane
configure:2056: result: yes
configure:2081: checking for a thread-safe mkdir -p
configure:2120: result: /bin/mkdir -p
configure:2133: checking for gawk
configure:2163: result: no
configure:2133: checking for mawk
configure:2149: found /usr/bin/mawk
configure:2160: result: mawk
configure:2171: checking whether make sets $(MAKE)
configure:2193: result: yes
configure:2421: checking build system type
configure:2439: result: x86_64-unknown-linux-gnu
configure:2461: checking host system type
configure:2476: result: x86_64-unknown-linux-gnu
configure:2624: checking for windres
configure:2654: result: no
configure:3220: Assuming a Unix-like environment, including Linux
configure:3222: host=x86_64-unknown-linux-gnu, target=
configure:3243: checking for /usr/X11R6/lib64
configure:3258: result: no
configure:3331: checking for gar
configure:3361: result: no
configure:3331: checking for ar
configure:3347: found /usr/bin/ar
configure:3358: result: ar
configure:3377: checking for gstrip
configure:3407: result: no
configure:3377: checking for strip
configure:3393: found /usr/bin/strip
configure:3404: result: strip
configure:3423: checking for gsed
configure:3453: result: no
configure:3423: checking for sed
configure:3439: found /bin/sed
configure:3450: result: sed
configure:3487: distrib = ubuntu14.04
configure:3507: checking for debugging
configure:3514: result: 
configure:3522: foxdir = x86_64-unknown-ubuntu14.04
configure:3539: Looking for C pre-processor
configure:3553: checking for style of include used by make
configure:3581: result: GNU
configure:3651: checking for gcc
configure:3667: found /usr/bin/gcc
configure:3678: result: gcc
configure:3910: checking for C compiler version
configure:3918: gcc --version >&5
gcc (Ubuntu 4.8.2-19ubuntu1) 4.8.2
Copyright (C) 2013 Free Software Foundation, Inc.
This is free software; see the source for copying conditions.  There is NO
warranty; not even for MERCHANTABILITY or FITNESS FOR A PARTICULAR PURPOSE.

configure:3922: $? = 0
configure:3929: gcc -v >&5
Using built-in specs.
COLLECT_GCC=gcc
COLLECT_LTO_WRAPPER=/usr/lib/gcc/x86_64-linux-gnu/4.8/lto-wrapper
Target: x86_64-linux-gnu
Configured with: ../src/configure -v --with-pkgversion='Ubuntu 4.8.2-19ubuntu1' --with-bugurl=file:///usr/share/doc/gcc-4.8/README.Bugs --enable-languages=c,c++,java,go,d,fortran,objc,obj-c++ --prefix=/usr --program-suffix=-4.8 --enable-shared --enable-linker-build-id --libexecdir=/usr/lib --without-included-gettext --enable-threads=posix --with-gxx-include-dir=/usr/include/c++/4.8 --libdir=/usr/lib --enable-nls --with-sysroot=/ --enable-clocale=gnu --enable-libstdcxx-debug --enable-libstdcxx-time=yes --enable-gnu-unique-object --disable-libmudflap --enable-plugin --with-system-zlib --disable-browser-plugin --enable-java-awt=gtk --enable-gtk-cairo --with-java-home=/usr/lib/jvm/java-1.5.0-gcj-4.8-amd64/jre --enable-java-home --with-jvm-root-dir=/usr/lib/jvm/java-1.5.0-gcj-4.8-amd64 --with-jvm-jar-dir=/usr/lib/jvm-exports/java-1.5.0-gcj-4.8-amd64 --with-arch-directory=amd64 --with-ecj-jar=/usr/share/java/eclipse-ecj.jar --enable-objc-gc --enable-multiarch --disable-werror --with-arch-32=i686 --with-abi=m64 --with-multilib-list=m32,m64,mx32 --with-tune=generic --enable-checking=release --build=x86_64-linux-gnu --host=x86_64-linux-gnu --target=x86_64-linux-gnu
Thread model: posix
gcc version 4.8.2 (Ubuntu 4.8.2-19ubuntu1) 
configure:3933: $? = 0
configure:3940: gcc -V >&5
gcc: error: unrecognized command line option '-V'
gcc: fatal error: no input files
compilation terminated.
configure:3944: $? = 4
configure:3967: checking for C compiler default output file name
configure:3989: gcc     -L/usr/X11R6/lib conftest.c  >&5
configure:3993: $? = 0
configure:4031: result: a.out
configure:4050: checking whether the C compiler works
configure:4060: ./a.out
configure:4064: $? = 0
configure:4083: result: yes
configure:4090: checking whether we are cross compiling
configure:4092: result: no
configure:4095: checking for suffix of executables
configure:4102: gcc -o conftest     -L/usr/X11R6/lib conftest.c  >&5
configure:4106: $? = 0
configure:4132: result: 
configure:4138: checking for suffix of object files
configure:4164: gcc -c    conftest.c >&5
configure:4168: $? = 0
configure:4193: result: o
configure:4197: checking whether we are using the GNU C compiler
configure:4226: gcc -c    conftest.c >&5
configure:4233: $? = 0
configure:4250: result: yes
configure:4259: checking whether gcc accepts -g
configure:4289: gcc -c -g  conftest.c >&5
configure:4296: $? = 0
configure:4397: result: yes
configure:4414: checking for gcc option to accept ISO C89
configure:4488: gcc  -c    conftest.c >&5
configure:4495: $? = 0
configure:4518: result: none needed
configure:4538: checking dependency style of gcc
configure:4629: result: gcc3
configure:4649: checking how to run the C preprocessor
configure:4689: gcc -E  conftest.c
configure:4696: $? = 0
configure:4727: gcc -E  conftest.c
conftest.c:14:28: fatal error: ac_nonexistent.h: No such file or directory
 #include <ac_nonexistent.h>
                            ^
compilation terminated.
configure:4734: $? = 1
configure: failed program was:
| /* confdefs.h.  */
| #define PACKAGE_NAME "FOXTESTS"
| #define PACKAGE_TARNAME "foxtests"
| #define PACKAGE_VERSION "1.4.21"
| #define PACKAGE_STRING "FOXTESTS 1.4.21"
| #define PACKAGE_BUGREPORT ""
| #define PACKAGE "foxtests"
| #define VERSION "1.4.21"
| #define HOST_CPU "x86_64"
| #define HOST_VENDOR "unknown"
| #define HOST_OS "linux-gnu"
| #define UNIX 1
| /* end confdefs.h.  */
| #include <ac_nonexistent.h>
configure:4767: result: gcc -E
configure:4796: gcc -E  conftest.c
configure:4803: $? = 0
configure:4834: gcc -E  conftest.c
conftest.c:14:28: fatal error: ac_nonexistent.h: No such file or directory
 #include <ac_nonexistent.h>
                            ^
compilation terminated.
configure:4841: $? = 1
configure: failed program was:
| /* confdefs.h.  */
| #define PACKAGE_NAME "FOXTESTS"
| #define PACKAGE_TARNAME "foxtests"
| #define PACKAGE_VERSION "1.4.21"
| #define PACKAGE_STRING "FOXTESTS 1.4.21"
| #define PACKAGE_BUGREPORT ""
| #define PACKAGE "foxtests"
| #define VERSION "1.4.21"
| #define HOST_CPU "x86_64"
| #define HOST_VENDOR "unknown"
| #define HOST_OS "linux-gnu"
| #define UNIX 1
| /* end confdefs.h.  */
| #include <ac_nonexistent.h>
configure:4880: Looking for C compiler
configure:4930: checking for gcc
configure:4957: result: gcc
configure:5189: checking for C compiler version
configure:5197: gcc --version >&5
gcc (Ubuntu 4.8.2-19ubuntu1) 4.8.2
Copyright (C) 2013 Free Software Foundation, Inc.
This is free software; see the source for copying conditions.  There is NO
warranty; not even for MERCHANTABILITY or FITNESS FOR A PARTICULAR PURPOSE.

configure:5201: $? = 0
configure:5208: gcc -v >&5
Using built-in specs.
COLLECT_GCC=gcc
COLLECT_LTO_WRAPPER=/usr/lib/gcc/x86_64-linux-gnu/4.8/lto-wrapper
Target: x86_64-linux-gnu
Configured with: ../src/configure -v --with-pkgversion='Ubuntu 4.8.2-19ubuntu1' --with-bugurl=file:///usr/share/doc/gcc-4.8/README.Bugs --enable-languages=c,c++,java,go,d,fortran,objc,obj-c++ --prefix=/usr --program-suffix=-4.8 --enable-shared --enable-linker-build-id --libexecdir=/usr/lib --without-included-gettext --enable-threads=posix --with-gxx-include-dir=/usr/include/c++/4.8 --libdir=/usr/lib --enable-nls --with-sysroot=/ --enable-clocale=gnu --enable-libstdcxx-debug --enable-libstdcxx-time=yes --enable-gnu-unique-object --disable-libmudflap --enable-plugin --with-system-zlib --disable-browser-plugin --enable-java-awt=gtk --enable-gtk-cairo --with-java-home=/usr/lib/jvm/java-1.5.0-gcj-4.8-amd64/jre --enable-java-home --with-jvm-root-dir=/usr/lib/jvm/java-1.5.0-gcj-4.8-amd64 --with-jvm-jar-dir=/usr/lib/jvm-exports/java-1.5.0-gcj-4.8-amd64 --with-arch-directory=amd64 --with-ecj-jar=/usr/share/java/eclipse-ecj.jar --enable-objc-gc --enable-multiarch --disable-werror --with-arch-32=i686 --with-abi=m64 --with-multilib-list=m32,m64,mx32 --with-tune=generic --enable-checking=release --build=x86_64-linux-gnu --host=x86_64-linux-gnu --target=x86_64-linux-gnu
Thread model: posix
gcc version 4.8.2 (Ubuntu 4.8.2-19ubuntu1) 
configure:5212: $? = 0
configure:5219: gcc -V >&5
gcc: error: unrecognized command line option '-V'
gcc: fatal error: no input files
compilation terminated.
configure:5223: $? = 4
configure:5226: checking whether we are using the GNU C compiler
configure:5279: result: yes
configure:5288: checking whether gcc accepts -g
configure:5426: result: yes
configure:5443: checking for gcc option to accept ISO C89
configure:5547: result: none needed
configure:5567: checking dependency style of gcc
configure:5658: result: gcc3
configure:5673: Looking for C++ pre-processor
configure:5733: checking for g++
configure:5749: found /usr/bin/g++
configure:5760: result: g++
configure:5787: checking for C++ compiler version
configure:5795: g++ --version >&5
g++ (Ubuntu 4.8.2-19ubuntu1) 4.8.2
Copyright (C) 2013 Free Software Foundation, Inc.
This is free software; see the source for copying conditions.  There is NO
warranty; not even for MERCHANTABILITY or FITNESS FOR A PARTICULAR PURPOSE.

configure:5799: $? = 0
configure:5806: g++ -v >&5
Using built-in specs.
COLLECT_GCC=g++
COLLECT_LTO_WRAPPER=/usr/lib/gcc/x86_64-linux-gnu/4.8/lto-wrapper
Target: x86_64-linux-gnu
Configured with: ../src/configure -v --with-pkgversion='Ubuntu 4.8.2-19ubuntu1' --with-bugurl=file:///usr/share/doc/gcc-4.8/README.Bugs --enable-languages=c,c++,java,go,d,fortran,objc,obj-c++ --prefix=/usr --program-suffix=-4.8 --enable-shared --enable-linker-build-id --libexecdir=/usr/lib --without-included-gettext --enable-threads=posix --with-gxx-include-dir=/usr/include/c++/4.8 --libdir=/usr/lib --enable-nls --with-sysroot=/ --enable-clocale=gnu --enable-libstdcxx-debug --enable-libstdcxx-time=yes --enable-gnu-unique-object --disable-libmudflap --enable-plugin --with-system-zlib --disable-browser-plugin --enable-java-awt=gtk --enable-gtk-cairo --with-java-home=/usr/lib/jvm/java-1.5.0-gcj-4.8-amd64/jre --enable-java-home --with-jvm-root-dir=/usr/lib/jvm/java-1.5.0-gcj-4.8-amd64 --with-jvm-jar-dir=/usr/lib/jvm-exports/java-1.5.0-gcj-4.8-amd64 --with-arch-directory=amd64 --with-ecj-jar=/usr/share/java/eclipse-ecj.jar --enable-objc-gc --enable-multiarch --disable-werror --with-arch-32=i686 --with-abi=m64 --with-multilib-list=m32,m64,mx32 --with-tune=generic --enable-checking=release --build=x86_64-linux-gnu --host=x86_64-linux-gnu --target=x86_64-linux-gnu
Thread model: posix
gcc version 4.8.2 (Ubuntu 4.8.2-19ubuntu1) 
configure:5810: $? = 0
configure:5817: g++ -V >&5
g++: error: unrecognized command line option '-V'
g++: fatal error: no input files
compilation terminated.
configure:5821: $? = 4
configure:5824: checking whether we are using the GNU C++ compiler
configure:5853: g++ -c    conftest.cpp >&5
configure:5860: $? = 0
configure:5877: result: yes
configure:5886: checking whether g++ accepts -g
configure:5916: g++ -c -g  conftest.cpp >&5
configure:5923: $? = 0
configure:6024: result: yes
configure:6049: checking dependency style of g++
configure:6140: result: gcc3
configure:6160: checking how to run the C++ preprocessor
configure:6196: g++ -E  conftest.cpp
configure:6203: $? = 0
configure:6234: g++ -E  conftest.cpp
conftest.cpp:14:28: fatal error: ac_nonexistent.h: No such file or directory
 #include <ac_nonexistent.h>
                            ^
compilation terminated.
configure:6241: $? = 1
configure: failed program was:
| /* confdefs.h.  */
| #define PACKAGE_NAME "FOXTESTS"
| #define PACKAGE_TARNAME "foxtests"
| #define PACKAGE_VERSION "1.4.21"
| #define PACKAGE_STRING "FOXTESTS 1.4.21"
| #define PACKAGE_BUGREPORT ""
| #define PACKAGE "foxtests"
| #define VERSION "1.4.21"
| #define HOST_CPU "x86_64"
| #define HOST_VENDOR "unknown"
| #define HOST_OS "linux-gnu"
| #define UNIX 1
| /* end confdefs.h.  */
| #include <ac_nonexistent.h>
configure:6274: result: g++ -E
configure:6303: g++ -E  conftest.cpp
configure:6310: $? = 0
configure:6341: g++ -E  conftest.cpp
conftest.cpp:14:28: fatal error: ac_nonexistent.h: No such file or directory
 #include <ac_nonexistent.h>
                            ^
compilation terminated.
configure:6348: $? = 1
configure: failed program was:
| /* confdefs.h.  */
| #define PACKAGE_NAME "FOXTESTS"
| #define PACKAGE_TARNAME "foxtests"
| #define PACKAGE_VERSION "1.4.21"
| #define PACKAGE_STRING "FOXTESTS 1.4.21"
| #define PACKAGE_BUGREPORT ""
| #define PACKAGE "foxtests"
| #define VERSION "1.4.21"
| #define HOST_CPU "x86_64"
| #define HOST_VENDOR "unknown"
| #define HOST_OS "linux-gnu"
| #define UNIX 1
| /* end confdefs.h.  */
| #include <ac_nonexistent.h>
configure:6387: Looking for C++ compiler
configure:6501: checking for C++ compiler version
configure:6509: g++ --version >&5
g++ (Ubuntu 4.8.2-19ubuntu1) 4.8.2
Copyright (C) 2013 Free Software Foundation, Inc.
This is free software; see the source for copying conditions.  There is NO
warranty; not even for MERCHANTABILITY or FITNESS FOR A PARTICULAR PURPOSE.

configure:6513: $? = 0
configure:6520: g++ -v >&5
Using built-in specs.
COLLECT_GCC=g++
COLLECT_LTO_WRAPPER=/usr/lib/gcc/x86_64-linux-gnu/4.8/lto-wrapper
Target: x86_64-linux-gnu
Configured with: ../src/configure -v --with-pkgversion='Ubuntu 4.8.2-19ubuntu1' --with-bugurl=file:///usr/share/doc/gcc-4.8/README.Bugs --enable-languages=c,c++,java,go,d,fortran,objc,obj-c++ --prefix=/usr --program-suffix=-4.8 --enable-shared --enable-linker-build-id --libexecdir=/usr/lib --without-included-gettext --enable-threads=posix --with-gxx-include-dir=/usr/include/c++/4.8 --libdir=/usr/lib --enable-nls --with-sysroot=/ --enable-clocale=gnu --enable-libstdcxx-debug --enable-libstdcxx-time=yes --enable-gnu-unique-object --disable-libmudflap --enable-plugin --with-system-zlib --disable-browser-plugin --enable-java-awt=gtk --enable-gtk-cairo --with-java-home=/usr/lib/jvm/java-1.5.0-gcj-4.8-amd64/jre --enable-java-home --with-jvm-root-dir=/usr/lib/jvm/java-1.5.0-gcj-4.8-amd64 --with-jvm-jar-dir=/usr/lib/jvm-exports/java-1.5.0-gcj-4.8-amd64 --with-arch-directory=amd64 --with-ecj-jar=/usr/share/java/eclipse-ecj.jar --enable-objc-gc --enable-multiarch --disable-werror --with-arch-32=i686 --with-abi=m64 --with-multilib-list=m32,m64,mx32 --with-tune=generic --enable-checking=release --build=x86_64-linux-gnu --host=x86_64-linux-gnu --target=x86_64-linux-gnu
Thread model: posix
gcc version 4.8.2 (Ubuntu 4.8.2-19ubuntu1) 
configure:6524: $? = 0
configure:6531: g++ -V >&5
g++: error: unrecognized command line option '-V'
g++: fatal error: no input files
compilation terminated.
configure:6535: $? = 4
configure:6538: checking whether we are using the GNU C++ compiler
configure:6591: result: yes
configure:6600: checking whether g++ accepts -g
configure:6738: result: yes
configure:6763: checking dependency style of g++
configure:6854: result: gcc3
configure:6882: Checking for "--hash-style=both"
configure:6910: gcc -o conftest     -L/usr/X11R6/lib -Wl,--hash-style=both conftest.c  >&5
configure:6917: $? = 0
configure:6925: Will use --hash-style=both
configure:7342: Checking for "-fPIC"
configure:7369: gcc -c   -fPIC  conftest.c >&5
configure:7376: $? = 0
configure:7394: -fPIC=yes
configure:7474: checking for xft-config
configure:7508: result: no
configure:7545: checking for freetype-config
configure:7564: found /usr/bin/freetype-config
configure:7576: result: /usr/bin/freetype-config
configure:7601: checking for FcConfigCreate in -lfontconfig
configure:7636: gcc -o conftest   -I/usr/include/freetype2  -I/usr/include/freetype2  -L/usr/X11R6/lib -Wl,--hash-style=both conftest.c -lfontconfig   >&5
configure:7643: $? = 0
configure:7664: result: yes
configure:7676: checking for XftFontOpen in -lXft
configure:7711: gcc -o conftest   -I/usr/include/freetype2  -I/usr/include/freetype2  -L/usr/X11R6/lib -Wl,--hash-style=both conftest.c -lXft  -lfontconfig  >&5
configure:7718: $? = 0
configure:7739: result: yes
configure:7753: checking for grep that handles long lines and -e
configure:7813: result: /bin/grep
configure:7818: checking for egrep
configure:7882: result: /bin/grep -E
configure:7887: checking for ANSI C header files
configure:7917: gcc -c   -I/usr/include/freetype2  -I/usr/include/freetype2 conftest.c >&5
configure:7924: $? = 0
configure:8023: gcc -o conftest   -I/usr/include/freetype2  -I/usr/include/freetype2  -L/usr/X11R6/lib -Wl,--hash-style=both conftest.c -lXft -lfontconfig  >&5
configure:8027: $? = 0
configure:8033: ./conftest
configure:8037: $? = 0
configure:8055: result: yes
configure:8079: checking for sys/types.h
configure:8100: gcc -c   -I/usr/include/freetype2  -I/usr/include/freetype2 conftest.c >&5
configure:8107: $? = 0
configure:8124: result: yes
configure:8079: checking for sys/stat.h
configure:8100: gcc -c   -I/usr/include/freetype2  -I/usr/include/freetype2 conftest.c >&5
configure:8107: $? = 0
configure:8124: result: yes
configure:8079: checking for stdlib.h
configure:8100: gcc -c   -I/usr/include/freetype2  -I/usr/include/freetype2 conftest.c >&5
configure:8107: $? = 0
configure:8124: result: yes
configure:8079: checking for string.h
configure:8100: gcc -c   -I/usr/include/freetype2  -I/usr/include/freetype2 conftest.c >&5
configure:8107: $? = 0
configure:8124: result: yes
configure:8079: checking for memory.h
configure:8100: gcc -c   -I/usr/include/freetype2  -I/usr/include/freetype2 conftest.c >&5
configure:8107: $? = 0
configure:8124: result: yes
configure:8079: checking for strings.h
configure:8100: gcc -c   -I/usr/include/freetype2  -I/usr/include/freetype2 conftest.c >&5
configure:8107: $? = 0
configure:8124: result: yes
configure:8079: checking for inttypes.h
configure:8100: gcc -c   -I/usr/include/freetype2  -I/usr/include/freetype2 conftest.c >&5
configure:8107: $? = 0
configure:8124: result: yes
configure:8079: checking for stdint.h
configure:8100: gcc -c   -I/usr/include/freetype2  -I/usr/include/freetype2 conftest.c >&5
configure:8107: $? = 0
configure:8124: result: yes
configure:8079: checking for unistd.h
configure:8100: gcc -c   -I/usr/include/freetype2  -I/usr/include/freetype2 conftest.c >&5
configure:8107: $? = 0
configure:8124: result: yes
configure:8148: checking X11/Xft/Xft.h usability
configure:8165: gcc -c   -I/usr/include/freetype2  -I/usr/include/freetype2 conftest.c >&5
configure:8172: $? = 0
configure:8186: result: yes
configure:8190: checking X11/Xft/Xft.h presence
configure:8205: gcc -E  -I/usr/include/freetype2 conftest.c
configure:8212: $? = 0
configure:8226: result: yes
configure:8254: checking for X11/Xft/Xft.h
configure:8261: result: yes
configure:8279: freetype-config found, and Xft should be available
configure:8303: checking X11/extensions/Xrandr.h usability
configure:8320: gcc -c   -I/usr/include/freetype2  -I/usr/include/freetype2 conftest.c >&5
conftest.c:60:35: fatal error: X11/extensions/Xrandr.h: No such file or directory
 #include <X11/extensions/Xrandr.h>
                                   ^
compilation terminated.
configure:8327: $? = 1
configure: failed program was:
| /* confdefs.h.  */
| #define PACKAGE_NAME "FOXTESTS"
| #define PACKAGE_TARNAME "foxtests"
| #define PACKAGE_VERSION "1.4.21"
| #define PACKAGE_STRING "FOXTESTS 1.4.21"
| #define PACKAGE_BUGREPORT ""
| #define PACKAGE "foxtests"
| #define VERSION "1.4.21"
| #define HOST_CPU "x86_64"
| #define HOST_VENDOR "unknown"
| #define HOST_OS "linux-gnu"
| #define UNIX 1
| #define HAVE_LIBFONTCONFIG 1
| #define HAVE_LIBXFT 1
| #define STDC_HEADERS 1
| #define HAVE_SYS_TYPES_H 1
| #define HAVE_SYS_STAT_H 1
| #define HAVE_STDLIB_H 1
| #define HAVE_STRING_H 1
| #define HAVE_MEMORY_H 1
| #define HAVE_STRINGS_H 1
| #define HAVE_INTTYPES_H 1
| #define HAVE_STDINT_H 1
| #define HAVE_UNISTD_H 1
| #define HAVE_LIBXFT 1
| /* end confdefs.h.  */
| #include <stdio.h>
| #ifdef HAVE_SYS_TYPES_H
| # include <sys/types.h>
| #endif
| #ifdef HAVE_SYS_STAT_H
| # include <sys/stat.h>
| #endif
| #ifdef STDC_HEADERS
| # include <stdlib.h>
| # include <stddef.h>
| #else
| # ifdef HAVE_STDLIB_H
| #  include <stdlib.h>
| # endif
| #endif
| #ifdef HAVE_STRING_H
| # if !defined STDC_HEADERS && defined HAVE_MEMORY_H
| #  include <memory.h>
| # endif
| # include <string.h>
| #endif
| #ifdef HAVE_STRINGS_H
| # include <strings.h>
| #endif
| #ifdef HAVE_INTTYPES_H
| # include <inttypes.h>
| #endif
| #ifdef HAVE_STDINT_H
| # include <stdint.h>
| #endif
| #ifdef HAVE_UNISTD_H
| # include <unistd.h>
| #endif
| #include <X11/extensions/Xrandr.h>
configure:8341: result: no
configure:8345: checking X11/extensions/Xrandr.h presence
configure:8360: gcc -E  -I/usr/include/freetype2 conftest.c
conftest.c:27:35: fatal error: X11/extensions/Xrandr.h: No such file or directory
 #include <X11/extensions/Xrandr.h>
                                   ^
compilation terminated.
configure:8367: $? = 1
configure: failed program was:
| /* confdefs.h.  */
| #define PACKAGE_NAME "FOXTESTS"
| #define PACKAGE_TARNAME "foxtests"
| #define PACKAGE_VERSION "1.4.21"
| #define PACKAGE_STRING "FOXTESTS 1.4.21"
| #define PACKAGE_BUGREPORT ""
| #define PACKAGE "foxtests"
| #define VERSION "1.4.21"
| #define HOST_CPU "x86_64"
| #define HOST_VENDOR "unknown"
| #define HOST_OS "linux-gnu"
| #define UNIX 1
| #define HAVE_LIBFONTCONFIG 1
| #define HAVE_LIBXFT 1
| #define STDC_HEADERS 1
| #define HAVE_SYS_TYPES_H 1
| #define HAVE_SYS_STAT_H 1
| #define HAVE_STDLIB_H 1
| #define HAVE_STRING_H 1
| #define HAVE_MEMORY_H 1
| #define HAVE_STRINGS_H 1
| #define HAVE_INTTYPES_H 1
| #define HAVE_STDINT_H 1
| #define HAVE_UNISTD_H 1
| #define HAVE_LIBXFT 1
| /* end confdefs.h.  */
| #include <X11/extensions/Xrandr.h>
configure:8381: result: no
configure:8409: checking for X11/extensions/Xrandr.h
configure:8418: result: no
configure:8434: checking for XRRQueryExtension in -lXrandr
configure:8469: gcc -o conftest   -I/usr/include/freetype2  -I/usr/include/freetype2  -L/usr/X11R6/lib -Wl,--hash-style=both conftest.c -lXrandr  -lXft -lfontconfig  >&5
/usr/bin/ld: cannot find -lXrandr
collect2: error: ld returned 1 exit status
configure:8476: $? = 1
configure: failed program was:
| /* confdefs.h.  */
| #define PACKAGE_NAME "FOXTESTS"
| #define PACKAGE_TARNAME "foxtests"
| #define PACKAGE_VERSION "1.4.21"
| #define PACKAGE_STRING "FOXTESTS 1.4.21"
| #define PACKAGE_BUGREPORT ""
| #define PACKAGE "foxtests"
| #define VERSION "1.4.21"
| #define HOST_CPU "x86_64"
| #define HOST_VENDOR "unknown"
| #define HOST_OS "linux-gnu"
| #define UNIX 1
| #define HAVE_LIBFONTCONFIG 1
| #define HAVE_LIBXFT 1
| #define STDC_HEADERS 1
| #define HAVE_SYS_TYPES_H 1
| #define HAVE_SYS_STAT_H 1
| #define HAVE_STDLIB_H 1
| #define HAVE_STRING_H 1
| #define HAVE_MEMORY_H 1
| #define HAVE_STRINGS_H 1
| #define HAVE_INTTYPES_H 1
| #define HAVE_STDINT_H 1
| #define HAVE_UNISTD_H 1
| #define HAVE_LIBXFT 1
| /* end confdefs.h.  */
| 
| /* Override any GCC internal prototype to avoid an error.
|    Use char because int might match the return type of a GCC
|    builtin and then its argument prototype would still apply.  */
| #ifdef __cplusplus
| extern "C"
| #endif
| char XRRQueryExtension ();
| int
| main ()
| {
| return XRRQueryExtension ();
|   ;
|   return 0;
| }
configure:8497: result: no
configure:8510: checking whether ln -s works
configure:8514: result: yes
configure:8591: checking for dlopen in -ldl
configure:8626: gcc -o conftest   -I/usr/include/freetype2 -fno-strict-aliasing -O2 -Wall  -I/usr/include/freetype2  -L/usr/X11R6/lib -Wl,--hash-style=both conftest.c -ldl  -lXft -lfontconfig  >&5
configure:8633: $? = 0
configure:8654: result: yes
configure:8669: checking for clock_nanosleep in -lrt
configure:8704: gcc -o conftest   -I/usr/include/freetype2 -fno-strict-aliasing -O2 -Wall  -I/usr/include/freetype2  -L/usr/X11R6/lib -Wl,--hash-style=both conftest.c -lrt  -ldl -lXft -lfontconfig  >&5
configure:8711: $? = 0
configure:8732: result: yes
configure:8745: checking for pthread_create in -lpthread
configure:8780: gcc -o conftest   -I/usr/include/freetype2 -fno-strict-aliasing -O2 -Wall  -I/usr/include/freetype2  -L/usr/X11R6/lib -Wl,--hash-style=both conftest.c -lpthread  -lrt -ldl -lXft -lfontconfig  >&5
configure:8787: $? = 0
configure:8808: result: yes
configure:8832: checking for XRenderCreateCursor in -lXrender
configure:8867: gcc -o conftest   -I/usr/include/freetype2 -fno-strict-aliasing -O2 -Wall  -I/usr/include/freetype2  -L/usr/X11R6/lib -Wl,--hash-style=both conftest.c -lXrender  -lXext -lX11 -L/usr/lib/x86_64-linux-gnu -lfreetype -lz -lpng12 -lpthread -lrt -ldl -lXft -lfontconfig  >&5
configure:8874: $? = 0
configure:8895: result: yes
configure:8907: checking for XcursorImageCreate in -lXcursor
configure:8942: gcc -o conftest   -I/usr/include/freetype2 -fno-strict-aliasing -O2 -Wall  -I/usr/include/freetype2  -L/usr/X11R6/lib -Wl,--hash-style=both conftest.c -lXcursor  -lXrender -lXext -lX11 -L/usr/lib/x86_64-linux-gnu -lfreetype -lz -lpng12 -lpthread -lrt -ldl -lXft -lfontconfig  >&5
/usr/bin/ld: cannot find -lXcursor
collect2: error: ld returned 1 exit status
configure:8949: $? = 1
configure: failed program was:
| /* confdefs.h.  */
| #define PACKAGE_NAME "FOXTESTS"
| #define PACKAGE_TARNAME "foxtests"
| #define PACKAGE_VERSION "1.4.21"
| #define PACKAGE_STRING "FOXTESTS 1.4.21"
| #define PACKAGE_BUGREPORT ""
| #define PACKAGE "foxtests"
| #define VERSION "1.4.21"
| #define HOST_CPU "x86_64"
| #define HOST_VENDOR "unknown"
| #define HOST_OS "linux-gnu"
| #define UNIX 1
| #define HAVE_LIBFONTCONFIG 1
| #define HAVE_LIBXFT 1
| #define STDC_HEADERS 1
| #define HAVE_SYS_TYPES_H 1
| #define HAVE_SYS_STAT_H 1
| #define HAVE_STDLIB_H 1
| #define HAVE_STRING_H 1
| #define HAVE_MEMORY_H 1
| #define HAVE_STRINGS_H 1
| #define HAVE_INTTYPES_H 1
| #define HAVE_STDINT_H 1
| #define HAVE_UNISTD_H 1
| #define HAVE_LIBXFT 1
| #define HAVE_LIBDL 1
| #define HAVE_LIBRT 1
| #define HAVE_LIBPTHREAD 1
| #define HAVE_LIBXRENDER 1
| /* end confdefs.h.  */
| 
| /* Override any GCC internal prototype to avoid an error.
|    Use char because int might match the return type of a GCC
|    builtin and then its argument prototype would still apply.  */
| #ifdef __cplusplus
| extern "C"
| #endif
| char XcursorImageCreate ();
| int
| main ()
| {
| return XcursorImageCreate ();
|   ;
|   return 0;
| }
configure:8970: result: no
configure:8986: checking for working alloca.h
configure:9013: gcc -o conftest   -I/usr/include/freetype2 -fno-strict-aliasing -O2 -Wall  -I/usr/include/freetype2  -L/usr/X11R6/lib -Wl,--hash-style=both conftest.c -lXrender -lXext -lX11 -L/usr/lib/x86_64-linux-gnu -lfreetype -lz -lpng12 -lpthread -lrt -ldl -lXft -lfontconfig  >&5
configure:9020: $? = 0
configure:9040: result: yes
configure:9050: checking for alloca
configure:9097: gcc -o conftest   -I/usr/include/freetype2 -fno-strict-aliasing -O2 -Wall  -I/usr/include/freetype2  -L/usr/X11R6/lib -Wl,--hash-style=both conftest.c -lXrender -lXext -lX11 -L/usr/lib/x86_64-linux-gnu -lfreetype -lz -lpng12 -lpthread -lrt -ldl -lXft -lfontconfig  >&5
configure:9104: $? = 0
configure:9124: result: yes
configure:9369: checking for dirent.h that defines DIR
configure:9398: gcc -c   -I/usr/include/freetype2 -fno-strict-aliasing -O2 -Wall  -I/usr/include/freetype2 conftest.c >&5
configure:9405: $? = 0
configure:9422: result: yes
configure:9437: checking for library containing opendir
configure:9478: gcc -o conftest   -I/usr/include/freetype2 -fno-strict-aliasing -O2 -Wall  -I/usr/include/freetype2  -L/usr/X11R6/lib -Wl,--hash-style=both conftest.c -lXrender -lXext -lX11 -L/usr/lib/x86_64-linux-gnu -lfreetype -lz -lpng12 -lpthread -lrt -ldl -lXft -lfontconfig  >&5
configure:9485: $? = 0
configure:9516: result: none required
configure:9614: checking for sys/wait.h that is POSIX.1 compatible
configure:9650: gcc -c   -I/usr/include/freetype2 -fno-strict-aliasing -O2 -Wall  -I/usr/include/freetype2 conftest.c >&5
configure:9657: $? = 0
configure:9672: result: yes
configure:9702: checking fcntl.h usability
configure:9719: gcc -c   -I/usr/include/freetype2 -fno-strict-aliasing -O2 -Wall  -I/usr/include/freetype2 conftest.c >&5
configure:9726: $? = 0
configure:9740: result: yes
configure:9744: checking fcntl.h presence
configure:9759: gcc -E  -I/usr/include/freetype2 conftest.c
configure:9766: $? = 0
configure:9780: result: yes
configure:9808: checking for fcntl.h
configure:9817: result: yes
configure:9702: checking float.h usability
configure:9719: gcc -c   -I/usr/include/freetype2 -fno-strict-aliasing -O2 -Wall  -I/usr/include/freetype2 conftest.c >&5
configure:9726: $? = 0
configure:9740: result: yes
configure:9744: checking float.h presence
configure:9759: gcc -E  -I/usr/include/freetype2 conftest.c
configure:9766: $? = 0
configure:9780: result: yes
configure:9808: checking for float.h
configure:9817: result: yes
configure:9702: checking malloc.h usability
configure:9719: gcc -c   -I/usr/include/freetype2 -fno-strict-aliasing -O2 -Wall  -I/usr/include/freetype2 conftest.c >&5
configure:9726: $? = 0
configure:9740: result: yes
configure:9744: checking malloc.h presence
configure:9759: gcc -E  -I/usr/include/freetype2 conftest.c
configure:9766: $? = 0
configure:9780: result: yes
configure:9808: checking for malloc.h
configure:9817: result: yes
configure:9691: checking for memory.h
configure:9698: result: yes
configure:9851: checking stddef.h usability
configure:9868: gcc -c   -I/usr/include/freetype2 -fno-strict-aliasing -O2 -Wall  -I/usr/include/freetype2 conftest.c >&5
configure:9875: $? = 0
configure:9889: result: yes
configure:9893: checking stddef.h presence
configure:9908: gcc -E  -I/usr/include/freetype2 conftest.c
configure:9915: $? = 0
configure:9929: result: yes
configure:9957: checking for stddef.h
configure:9966: result: yes
configure:9840: checking for stdlib.h
configure:9847: result: yes
configure:9840: checking for string.h
configure:9847: result: yes
configure:9840: checking for stdint.h
configure:9847: result: yes
configure:10001: checking sys/param.h usability
configure:10018: gcc -c   -I/usr/include/freetype2 -fno-strict-aliasing -O2 -Wall  -I/usr/include/freetype2 conftest.c >&5
configure:10025: $? = 0
configure:10039: result: yes
configure:10043: checking sys/param.h presence
configure:10058: gcc -E  -I/usr/include/freetype2 conftest.c
configure:10065: $? = 0
configure:10079: result: yes
configure:10107: checking for sys/param.h
configure:10116: result: yes
configure:10001: checking sys/time.h usability
configure:10018: gcc -c   -I/usr/include/freetype2 -fno-strict-aliasing -O2 -Wall  -I/usr/include/freetype2 conftest.c >&5
configure:10025: $? = 0
configure:10039: result: yes
configure:10043: checking sys/time.h presence
configure:10058: gcc -E  -I/usr/include/freetype2 conftest.c
configure:10065: $? = 0
configure:10079: result: yes
configure:10107: checking for sys/time.h
configure:10116: result: yes
configure:10001: checking sys/times.h usability
configure:10018: gcc -c   -I/usr/include/freetype2 -fno-strict-aliasing -O2 -Wall  -I/usr/include/freetype2 conftest.c >&5
configure:10025: $? = 0
configure:10039: result: yes
configure:10043: checking sys/times.h presence
configure:10058: gcc -E  -I/usr/include/freetype2 conftest.c
configure:10065: $? = 0
configure:10079: result: yes
configure:10107: checking for sys/times.h
configure:10116: result: yes
configure:9990: checking for unistd.h
configure:9997: result: yes
configure:10001: checking utime.h usability
configure:10018: gcc -c   -I/usr/include/freetype2 -fno-strict-aliasing -O2 -Wall  -I/usr/include/freetype2 conftest.c >&5
configure:10025: $? = 0
configure:10039: result: yes
configure:10043: checking utime.h presence
configure:10058: gcc -E  -I/usr/include/freetype2 conftest.c
configure:10065: $? = 0
configure:10079: result: yes
configure:10107: checking for utime.h
configure:10116: result: yes
configure:10151: checking arpa/inet.h usability
configure:10168: gcc -c   -I/usr/include/freetype2 -fno-strict-aliasing -O2 -Wall  -I/usr/include/freetype2 conftest.c >&5
configure:10175: $? = 0
configure:10189: result: yes
configure:10193: checking arpa/inet.h presence
configure:10208: gcc -E  -I/usr/include/freetype2 conftest.c
configure:10215: $? = 0
configure:10229: result: yes
configure:10257: checking for arpa/inet.h
configure:10266: result: yes
configure:10151: checking netdb.h usability
configure:10168: gcc -c   -I/usr/include/freetype2 -fno-strict-aliasing -O2 -Wall  -I/usr/include/freetype2 conftest.c >&5
configure:10175: $? = 0
configure:10189: result: yes
configure:10193: checking netdb.h presence
configure:10208: gcc -E  -I/usr/include/freetype2 conftest.c
configure:10215: $? = 0
configure:10229: result: yes
configure:10257: checking for netdb.h
configure:10266: result: yes
configure:10151: checking netinet/in.h usability
configure:10168: gcc -c   -I/usr/include/freetype2 -fno-strict-aliasing -O2 -Wall  -I/usr/include/freetype2 conftest.c >&5
configure:10175: $? = 0
configure:10189: result: yes
configure:10193: checking netinet/in.h presence
configure:10208: gcc -E  -I/usr/include/freetype2 conftest.c
configure:10215: $? = 0
configure:10229: result: yes
configure:10257: checking for netinet/in.h
configure:10266: result: yes
configure:10151: checking sys/socket.h usability
configure:10168: gcc -c   -I/usr/include/freetype2 -fno-strict-aliasing -O2 -Wall  -I/usr/include/freetype2 conftest.c >&5
configure:10175: $? = 0
configure:10189: result: yes
configure:10193: checking sys/socket.h presence
configure:10208: gcc -E  -I/usr/include/freetype2 conftest.c
configure:10215: $? = 0
configure:10229: result: yes
configure:10257: checking for sys/socket.h
configure:10266: result: yes
configure:10140: checking for sys/stat.h
configure:10147: result: yes
configure:10290: checking for sys/types.h
configure:10297: result: yes
configure:10290: checking for sys/wait.h
configure:10297: result: yes
configure:10301: checking sys/shm.h usability
configure:10318: gcc -c   -I/usr/include/freetype2 -fno-strict-aliasing -O2 -Wall  -I/usr/include/freetype2 conftest.c >&5
configure:10325: $? = 0
configure:10339: result: yes
configure:10343: checking sys/shm.h presence
configure:10358: gcc -E  -I/usr/include/freetype2 conftest.c
configure:10365: $? = 0
configure:10379: result: yes
configure:10407: checking for sys/shm.h
configure:10416: result: yes
configure:10301: checking sys/ipc.h usability
configure:10318: gcc -c   -I/usr/include/freetype2 -fno-strict-aliasing -O2 -Wall  -I/usr/include/freetype2 conftest.c >&5
configure:10325: $? = 0
configure:10339: result: yes
configure:10343: checking sys/ipc.h presence
configure:10358: gcc -E  -I/usr/include/freetype2 conftest.c
configure:10365: $? = 0
configure:10379: result: yes
configure:10407: checking for sys/ipc.h
configure:10416: result: yes
configure:10301: checking signal.h usability
configure:10318: gcc -c   -I/usr/include/freetype2 -fno-strict-aliasing -O2 -Wall  -I/usr/include/freetype2 conftest.c >&5
configure:10325: $? = 0
configure:10339: result: yes
configure:10343: checking signal.h presence
configure:10358: gcc -E  -I/usr/include/freetype2 conftest.c
configure:10365: $? = 0
configure:10379: result: yes
configure:10407: checking for signal.h
configure:10416: result: yes
configure:10433: checking whether stat file-mode macros are broken
configure:10470: gcc -c   -I/usr/include/freetype2 -fno-strict-aliasing -O2 -Wall  -I/usr/include/freetype2 conftest.c >&5
configure:10477: $? = 0
configure:10492: result: no
configure:10502: checking for an ANSI C-conforming const
configure:10577: gcc -c   -I/usr/include/freetype2 -fno-strict-aliasing -O2 -Wall  -I/usr/include/freetype2 conftest.c >&5
conftest.c: In function 'main':
conftest.c:87:7: warning: 't' is used uninitialized in this function [-Wuninitialized]
     *t++ = 0;
       ^
conftest.c:109:13: warning: 'cs[0]' is used uninitialized in this function [-Wuninitialized]
   return !cs[0] && !zero.x;
             ^
configure:10584: $? = 0
configure:10599: result: yes
configure:10609: checking whether struct tm is in sys/time.h or time.h
configure:10639: gcc -c   -I/usr/include/freetype2 -fno-strict-aliasing -O2 -Wall  -I/usr/include/freetype2 conftest.c >&5
configure:10646: $? = 0
configure:10661: result: time.h
configure:10671: checking for working volatile
configure:10700: gcc -c   -I/usr/include/freetype2 -fno-strict-aliasing -O2 -Wall  -I/usr/include/freetype2 conftest.c >&5
configure:10707: $? = 0
configure:10722: result: yes
configure:10733: checking for int8_t
configure:10764: gcc -c   -I/usr/include/freetype2 -fno-strict-aliasing -O2 -Wall  -I/usr/include/freetype2 conftest.c >&5
configure:10771: $? = 0
configure:10801: gcc -c   -I/usr/include/freetype2 -fno-strict-aliasing -O2 -Wall  -I/usr/include/freetype2 conftest.c >&5
conftest.c: In function 'main':
conftest.c:65:21: error: expected expression before ')' token
 if (sizeof ((int8_t)))
                     ^
configure:10808: $? = 1
configure: failed program was:
| /* confdefs.h.  */
| #define PACKAGE_NAME "FOXTESTS"
| #define PACKAGE_TARNAME "foxtests"
| #define PACKAGE_VERSION "1.4.21"
| #define PACKAGE_STRING "FOXTESTS 1.4.21"
| #define PACKAGE_BUGREPORT ""
| #define PACKAGE "foxtests"
| #define VERSION "1.4.21"
| #define HOST_CPU "x86_64"
| #define HOST_VENDOR "unknown"
| #define HOST_OS "linux-gnu"
| #define UNIX 1
| #define HAVE_LIBFONTCONFIG 1
| #define HAVE_LIBXFT 1
| #define STDC_HEADERS 1
| #define HAVE_SYS_TYPES_H 1
| #define HAVE_SYS_STAT_H 1
| #define HAVE_STDLIB_H 1
| #define HAVE_STRING_H 1
| #define HAVE_MEMORY_H 1
| #define HAVE_STRINGS_H 1
| #define HAVE_INTTYPES_H 1
| #define HAVE_STDINT_H 1
| #define HAVE_UNISTD_H 1
| #define HAVE_LIBXFT 1
| #define HAVE_LIBDL 1
| #define HAVE_LIBRT 1
| #define HAVE_LIBPTHREAD 1
| #define HAVE_LIBXRENDER 1
| #define HAVE_ALLOCA_H 1
| #define HAVE_ALLOCA 1
| #define HAVE_DIRENT_H 1
| #define HAVE_SYS_WAIT_H 1
| #define HAVE_FCNTL_H 1
| #define HAVE_FLOAT_H 1
| #define HAVE_MALLOC_H 1
| #define HAVE_MEMORY_H 1
| #define HAVE_STDDEF_H 1
| #define HAVE_STDLIB_H 1
| #define HAVE_STRING_H 1
| #define HAVE_STDINT_H 1
| #define HAVE_SYS_PARAM_H 1
| #define HAVE_SYS_TIME_H 1
| #define HAVE_SYS_TIMES_H 1
| #define HAVE_UNISTD_H 1
| #define HAVE_UTIME_H 1
| #define HAVE_ARPA_INET_H 1
| #define HAVE_NETDB_H 1
| #define HAVE_NETINET_IN_H 1
| #define HAVE_SYS_SOCKET_H 1
| #define HAVE_SYS_STAT_H 1
| #define HAVE_SYS_TYPES_H 1
| #define HAVE_SYS_WAIT_H 1
| #define HAVE_SYS_SHM_H 1
| #define HAVE_SYS_IPC_H 1
| #define HAVE_SIGNAL_H 1
| /* end confdefs.h.  */
| #ifdef HAVE_STDINT_H
|     #include <stdint.h>
|     #endif
| 
| int
| main ()
| {
| if (sizeof ((int8_t)))
| 	  return 0;
|   ;
|   return 0;
| }
configure:10831: result: yes
configure:10841: checking for int16_t
configure:10872: gcc -c   -I/usr/include/freetype2 -fno-strict-aliasing -O2 -Wall  -I/usr/include/freetype2 conftest.c >&5
configure:10879: $? = 0
configure:10909: gcc -c   -I/usr/include/freetype2 -fno-strict-aliasing -O2 -Wall  -I/usr/include/freetype2 conftest.c >&5
conftest.c: In function 'main':
conftest.c:66:22: error: expected expression before ')' token
 if (sizeof ((int16_t)))
                      ^
configure:10916: $? = 1
configure: failed program was:
| /* confdefs.h.  */
| #define PACKAGE_NAME "FOXTESTS"
| #define PACKAGE_TARNAME "foxtests"
| #define PACKAGE_VERSION "1.4.21"
| #define PACKAGE_STRING "FOXTESTS 1.4.21"
| #define PACKAGE_BUGREPORT ""
| #define PACKAGE "foxtests"
| #define VERSION "1.4.21"
| #define HOST_CPU "x86_64"
| #define HOST_VENDOR "unknown"
| #define HOST_OS "linux-gnu"
| #define UNIX 1
| #define HAVE_LIBFONTCONFIG 1
| #define HAVE_LIBXFT 1
| #define STDC_HEADERS 1
| #define HAVE_SYS_TYPES_H 1
| #define HAVE_SYS_STAT_H 1
| #define HAVE_STDLIB_H 1
| #define HAVE_STRING_H 1
| #define HAVE_MEMORY_H 1
| #define HAVE_STRINGS_H 1
| #define HAVE_INTTYPES_H 1
| #define HAVE_STDINT_H 1
| #define HAVE_UNISTD_H 1
| #define HAVE_LIBXFT 1
| #define HAVE_LIBDL 1
| #define HAVE_LIBRT 1
| #define HAVE_LIBPTHREAD 1
| #define HAVE_LIBXRENDER 1
| #define HAVE_ALLOCA_H 1
| #define HAVE_ALLOCA 1
| #define HAVE_DIRENT_H 1
| #define HAVE_SYS_WAIT_H 1
| #define HAVE_FCNTL_H 1
| #define HAVE_FLOAT_H 1
| #define HAVE_MALLOC_H 1
| #define HAVE_MEMORY_H 1
| #define HAVE_STDDEF_H 1
| #define HAVE_STDLIB_H 1
| #define HAVE_STRING_H 1
| #define HAVE_STDINT_H 1
| #define HAVE_SYS_PARAM_H 1
| #define HAVE_SYS_TIME_H 1
| #define HAVE_SYS_TIMES_H 1
| #define HAVE_UNISTD_H 1
| #define HAVE_UTIME_H 1
| #define HAVE_ARPA_INET_H 1
| #define HAVE_NETDB_H 1
| #define HAVE_NETINET_IN_H 1
| #define HAVE_SYS_SOCKET_H 1
| #define HAVE_SYS_STAT_H 1
| #define HAVE_SYS_TYPES_H 1
| #define HAVE_SYS_WAIT_H 1
| #define HAVE_SYS_SHM_H 1
| #define HAVE_SYS_IPC_H 1
| #define HAVE_SIGNAL_H 1
| #define HAVE_INT8_T 1
| /* end confdefs.h.  */
| #ifdef HAVE_STDINT_H
|     #include <stdint.h>
|     #endif
| 
| int
| main ()
| {
| if (sizeof ((int16_t)))
| 	  return 0;
|   ;
|   return 0;
| }
configure:10939: result: yes
configure:10949: checking for int32_t
configure:10980: gcc -c   -I/usr/include/freetype2 -fno-strict-aliasing -O2 -Wall  -I/usr/include/freetype2 conftest.c >&5
configure:10987: $? = 0
configure:11017: gcc -c   -I/usr/include/freetype2 -fno-strict-aliasing -O2 -Wall  -I/usr/include/freetype2 conftest.c >&5
conftest.c: In function 'main':
conftest.c:67:22: error: expected expression before ')' token
 if (sizeof ((int32_t)))
                      ^
configure:11024: $? = 1
configure: failed program was:
| /* confdefs.h.  */
| #define PACKAGE_NAME "FOXTESTS"
| #define PACKAGE_TARNAME "foxtests"
| #define PACKAGE_VERSION "1.4.21"
| #define PACKAGE_STRING "FOXTESTS 1.4.21"
| #define PACKAGE_BUGREPORT ""
| #define PACKAGE "foxtests"
| #define VERSION "1.4.21"
| #define HOST_CPU "x86_64"
| #define HOST_VENDOR "unknown"
| #define HOST_OS "linux-gnu"
| #define UNIX 1
| #define HAVE_LIBFONTCONFIG 1
| #define HAVE_LIBXFT 1
| #define STDC_HEADERS 1
| #define HAVE_SYS_TYPES_H 1
| #define HAVE_SYS_STAT_H 1
| #define HAVE_STDLIB_H 1
| #define HAVE_STRING_H 1
| #define HAVE_MEMORY_H 1
| #define HAVE_STRINGS_H 1
| #define HAVE_INTTYPES_H 1
| #define HAVE_STDINT_H 1
| #define HAVE_UNISTD_H 1
| #define HAVE_LIBXFT 1
| #define HAVE_LIBDL 1
| #define HAVE_LIBRT 1
| #define HAVE_LIBPTHREAD 1
| #define HAVE_LIBXRENDER 1
| #define HAVE_ALLOCA_H 1
| #define HAVE_ALLOCA 1
| #define HAVE_DIRENT_H 1
| #define HAVE_SYS_WAIT_H 1
| #define HAVE_FCNTL_H 1
| #define HAVE_FLOAT_H 1
| #define HAVE_MALLOC_H 1
| #define HAVE_MEMORY_H 1
| #define HAVE_STDDEF_H 1
| #define HAVE_STDLIB_H 1
| #define HAVE_STRING_H 1
| #define HAVE_STDINT_H 1
| #define HAVE_SYS_PARAM_H 1
| #define HAVE_SYS_TIME_H 1
| #define HAVE_SYS_TIMES_H 1
| #define HAVE_UNISTD_H 1
| #define HAVE_UTIME_H 1
| #define HAVE_ARPA_INET_H 1
| #define HAVE_NETDB_H 1
| #define HAVE_NETINET_IN_H 1
| #define HAVE_SYS_SOCKET_H 1
| #define HAVE_SYS_STAT_H 1
| #define HAVE_SYS_TYPES_H 1
| #define HAVE_SYS_WAIT_H 1
| #define HAVE_SYS_SHM_H 1
| #define HAVE_SYS_IPC_H 1
| #define HAVE_SIGNAL_H 1
| #define HAVE_INT8_T 1
| #define HAVE_INT16_T 1
| /* end confdefs.h.  */
| #ifdef HAVE_STDINT_H
|     #include <stdint.h>
|     #endif
| 
| int
| main ()
| {
| if (sizeof ((int32_t)))
| 	  return 0;
|   ;
|   return 0;
| }
configure:11047: result: yes
configure:11057: checking for int64_t
configure:11088: gcc -c   -I/usr/include/freetype2 -fno-strict-aliasing -O2 -Wall  -I/usr/include/freetype2 conftest.c >&5
configure:11095: $? = 0
configure:11125: gcc -c   -I/usr/include/freetype2 -fno-strict-aliasing -O2 -Wall  -I/usr/include/freetype2 conftest.c >&5
conftest.c: In function 'main':
conftest.c:68:22: error: expected expression before ')' token
 if (sizeof ((int64_t)))
                      ^
configure:11132: $? = 1
configure: failed program was:
| /* confdefs.h.  */
| #define PACKAGE_NAME "FOXTESTS"
| #define PACKAGE_TARNAME "foxtests"
| #define PACKAGE_VERSION "1.4.21"
| #define PACKAGE_STRING "FOXTESTS 1.4.21"
| #define PACKAGE_BUGREPORT ""
| #define PACKAGE "foxtests"
| #define VERSION "1.4.21"
| #define HOST_CPU "x86_64"
| #define HOST_VENDOR "unknown"
| #define HOST_OS "linux-gnu"
| #define UNIX 1
| #define HAVE_LIBFONTCONFIG 1
| #define HAVE_LIBXFT 1
| #define STDC_HEADERS 1
| #define HAVE_SYS_TYPES_H 1
| #define HAVE_SYS_STAT_H 1
| #define HAVE_STDLIB_H 1
| #define HAVE_STRING_H 1
| #define HAVE_MEMORY_H 1
| #define HAVE_STRINGS_H 1
| #define HAVE_INTTYPES_H 1
| #define HAVE_STDINT_H 1
| #define HAVE_UNISTD_H 1
| #define HAVE_LIBXFT 1
| #define HAVE_LIBDL 1
| #define HAVE_LIBRT 1
| #define HAVE_LIBPTHREAD 1
| #define HAVE_LIBXRENDER 1
| #define HAVE_ALLOCA_H 1
| #define HAVE_ALLOCA 1
| #define HAVE_DIRENT_H 1
| #define HAVE_SYS_WAIT_H 1
| #define HAVE_FCNTL_H 1
| #define HAVE_FLOAT_H 1
| #define HAVE_MALLOC_H 1
| #define HAVE_MEMORY_H 1
| #define HAVE_STDDEF_H 1
| #define HAVE_STDLIB_H 1
| #define HAVE_STRING_H 1
| #define HAVE_STDINT_H 1
| #define HAVE_SYS_PARAM_H 1
| #define HAVE_SYS_TIME_H 1
| #define HAVE_SYS_TIMES_H 1
| #define HAVE_UNISTD_H 1
| #define HAVE_UTIME_H 1
| #define HAVE_ARPA_INET_H 1
| #define HAVE_NETDB_H 1
| #define HAVE_NETINET_IN_H 1
| #define HAVE_SYS_SOCKET_H 1
| #define HAVE_SYS_STAT_H 1
| #define HAVE_SYS_TYPES_H 1
| #define HAVE_SYS_WAIT_H 1
| #define HAVE_SYS_SHM_H 1
| #define HAVE_SYS_IPC_H 1
| #define HAVE_SIGNAL_H 1
| #define HAVE_INT8_T 1
| #define HAVE_INT16_T 1
| #define HAVE_INT32_T 1
| /* end confdefs.h.  */
| #ifdef HAVE_STDINT_H
|     #include <stdint.h>
|     #endif
| 
| int
| main ()
| {
| if (sizeof ((int64_t)))
| 	  return 0;
|   ;
|   return 0;
| }
configure:11155: result: yes
configure:11165: checking for intptr_t
configure:11196: gcc -c   -I/usr/include/freetype2 -fno-strict-aliasing -O2 -Wall  -I/usr/include/freetype2 conftest.c >&5
configure:11203: $? = 0
configure:11233: gcc -c   -I/usr/include/freetype2 -fno-strict-aliasing -O2 -Wall  -I/usr/include/freetype2 conftest.c >&5
conftest.c: In function 'main':
conftest.c:69:23: error: expected expression before ')' token
 if (sizeof ((intptr_t)))
                       ^
configure:11240: $? = 1
configure: failed program was:
| /* confdefs.h.  */
| #define PACKAGE_NAME "FOXTESTS"
| #define PACKAGE_TARNAME "foxtests"
| #define PACKAGE_VERSION "1.4.21"
| #define PACKAGE_STRING "FOXTESTS 1.4.21"
| #define PACKAGE_BUGREPORT ""
| #define PACKAGE "foxtests"
| #define VERSION "1.4.21"
| #define HOST_CPU "x86_64"
| #define HOST_VENDOR "unknown"
| #define HOST_OS "linux-gnu"
| #define UNIX 1
| #define HAVE_LIBFONTCONFIG 1
| #define HAVE_LIBXFT 1
| #define STDC_HEADERS 1
| #define HAVE_SYS_TYPES_H 1
| #define HAVE_SYS_STAT_H 1
| #define HAVE_STDLIB_H 1
| #define HAVE_STRING_H 1
| #define HAVE_MEMORY_H 1
| #define HAVE_STRINGS_H 1
| #define HAVE_INTTYPES_H 1
| #define HAVE_STDINT_H 1
| #define HAVE_UNISTD_H 1
| #define HAVE_LIBXFT 1
| #define HAVE_LIBDL 1
| #define HAVE_LIBRT 1
| #define HAVE_LIBPTHREAD 1
| #define HAVE_LIBXRENDER 1
| #define HAVE_ALLOCA_H 1
| #define HAVE_ALLOCA 1
| #define HAVE_DIRENT_H 1
| #define HAVE_SYS_WAIT_H 1
| #define HAVE_FCNTL_H 1
| #define HAVE_FLOAT_H 1
| #define HAVE_MALLOC_H 1
| #define HAVE_MEMORY_H 1
| #define HAVE_STDDEF_H 1
| #define HAVE_STDLIB_H 1
| #define HAVE_STRING_H 1
| #define HAVE_STDINT_H 1
| #define HAVE_SYS_PARAM_H 1
| #define HAVE_SYS_TIME_H 1
| #define HAVE_SYS_TIMES_H 1
| #define HAVE_UNISTD_H 1
| #define HAVE_UTIME_H 1
| #define HAVE_ARPA_INET_H 1
| #define HAVE_NETDB_H 1
| #define HAVE_NETINET_IN_H 1
| #define HAVE_SYS_SOCKET_H 1
| #define HAVE_SYS_STAT_H 1
| #define HAVE_SYS_TYPES_H 1
| #define HAVE_SYS_WAIT_H 1
| #define HAVE_SYS_SHM_H 1
| #define HAVE_SYS_IPC_H 1
| #define HAVE_SIGNAL_H 1
| #define HAVE_INT8_T 1
| #define HAVE_INT16_T 1
| #define HAVE_INT32_T 1
| #define HAVE_INT64_T 1
| /* end confdefs.h.  */
| #ifdef HAVE_STDINT_H
|     #include <stdint.h>
|     #endif
| 
| int
| main ()
| {
| if (sizeof ((intptr_t)))
| 	  return 0;
|   ;
|   return 0;
| }
configure:11263: result: yes
configure:11274: checking for uint8_t
configure:11305: gcc -c   -I/usr/include/freetype2 -fno-strict-aliasing -O2 -Wall  -I/usr/include/freetype2 conftest.c >&5
configure:11312: $? = 0
configure:11342: gcc -c   -I/usr/include/freetype2 -fno-strict-aliasing -O2 -Wall  -I/usr/include/freetype2 conftest.c >&5
conftest.c: In function 'main':
conftest.c:70:22: error: expected expression before ')' token
 if (sizeof ((uint8_t)))
                      ^
configure:11349: $? = 1
configure: failed program was:
| /* confdefs.h.  */
| #define PACKAGE_NAME "FOXTESTS"
| #define PACKAGE_TARNAME "foxtests"
| #define PACKAGE_VERSION "1.4.21"
| #define PACKAGE_STRING "FOXTESTS 1.4.21"
| #define PACKAGE_BUGREPORT ""
| #define PACKAGE "foxtests"
| #define VERSION "1.4.21"
| #define HOST_CPU "x86_64"
| #define HOST_VENDOR "unknown"
| #define HOST_OS "linux-gnu"
| #define UNIX 1
| #define HAVE_LIBFONTCONFIG 1
| #define HAVE_LIBXFT 1
| #define STDC_HEADERS 1
| #define HAVE_SYS_TYPES_H 1
| #define HAVE_SYS_STAT_H 1
| #define HAVE_STDLIB_H 1
| #define HAVE_STRING_H 1
| #define HAVE_MEMORY_H 1
| #define HAVE_STRINGS_H 1
| #define HAVE_INTTYPES_H 1
| #define HAVE_STDINT_H 1
| #define HAVE_UNISTD_H 1
| #define HAVE_LIBXFT 1
| #define HAVE_LIBDL 1
| #define HAVE_LIBRT 1
| #define HAVE_LIBPTHREAD 1
| #define HAVE_LIBXRENDER 1
| #define HAVE_ALLOCA_H 1
| #define HAVE_ALLOCA 1
| #define HAVE_DIRENT_H 1
| #define HAVE_SYS_WAIT_H 1
| #define HAVE_FCNTL_H 1
| #define HAVE_FLOAT_H 1
| #define HAVE_MALLOC_H 1
| #define HAVE_MEMORY_H 1
| #define HAVE_STDDEF_H 1
| #define HAVE_STDLIB_H 1
| #define HAVE_STRING_H 1
| #define HAVE_STDINT_H 1
| #define HAVE_SYS_PARAM_H 1
| #define HAVE_SYS_TIME_H 1
| #define HAVE_SYS_TIMES_H 1
| #define HAVE_UNISTD_H 1
| #define HAVE_UTIME_H 1
| #define HAVE_ARPA_INET_H 1
| #define HAVE_NETDB_H 1
| #define HAVE_NETINET_IN_H 1
| #define HAVE_SYS_SOCKET_H 1
| #define HAVE_SYS_STAT_H 1
| #define HAVE_SYS_TYPES_H 1
| #define HAVE_SYS_WAIT_H 1
| #define HAVE_SYS_SHM_H 1
| #define HAVE_SYS_IPC_H 1
| #define HAVE_SIGNAL_H 1
| #define HAVE_INT8_T 1
| #define HAVE_INT16_T 1
| #define HAVE_INT32_T 1
| #define HAVE_INT64_T 1
| #define HAVE_INTPTR_T 1
| /* end confdefs.h.  */
| #ifdef HAVE_STDINT_H
|     #include <stdint.h>
|     #endif
| 
| int
| main ()
| {
| if (sizeof ((uint8_t)))
| 	  return 0;
|   ;
|   return 0;
| }
configure:11372: result: yes
configure:11382: checking for uint16_t
configure:11413: gcc -c   -I/usr/include/freetype2 -fno-strict-aliasing -O2 -Wall  -I/usr/include/freetype2 conftest.c >&5
configure:11420: $? = 0
configure:11450: gcc -c   -I/usr/include/freetype2 -fno-strict-aliasing -O2 -Wall  -I/usr/include/freetype2 conftest.c >&5
conftest.c: In function 'main':
conftest.c:71:23: error: expected expression before ')' token
 if (sizeof ((uint16_t)))
                       ^
configure:11457: $? = 1
configure: failed program was:
| /* confdefs.h.  */
| #define PACKAGE_NAME "FOXTESTS"
| #define PACKAGE_TARNAME "foxtests"
| #define PACKAGE_VERSION "1.4.21"
| #define PACKAGE_STRING "FOXTESTS 1.4.21"
| #define PACKAGE_BUGREPORT ""
| #define PACKAGE "foxtests"
| #define VERSION "1.4.21"
| #define HOST_CPU "x86_64"
| #define HOST_VENDOR "unknown"
| #define HOST_OS "linux-gnu"
| #define UNIX 1
| #define HAVE_LIBFONTCONFIG 1
| #define HAVE_LIBXFT 1
| #define STDC_HEADERS 1
| #define HAVE_SYS_TYPES_H 1
| #define HAVE_SYS_STAT_H 1
| #define HAVE_STDLIB_H 1
| #define HAVE_STRING_H 1
| #define HAVE_MEMORY_H 1
| #define HAVE_STRINGS_H 1
| #define HAVE_INTTYPES_H 1
| #define HAVE_STDINT_H 1
| #define HAVE_UNISTD_H 1
| #define HAVE_LIBXFT 1
| #define HAVE_LIBDL 1
| #define HAVE_LIBRT 1
| #define HAVE_LIBPTHREAD 1
| #define HAVE_LIBXRENDER 1
| #define HAVE_ALLOCA_H 1
| #define HAVE_ALLOCA 1
| #define HAVE_DIRENT_H 1
| #define HAVE_SYS_WAIT_H 1
| #define HAVE_FCNTL_H 1
| #define HAVE_FLOAT_H 1
| #define HAVE_MALLOC_H 1
| #define HAVE_MEMORY_H 1
| #define HAVE_STDDEF_H 1
| #define HAVE_STDLIB_H 1
| #define HAVE_STRING_H 1
| #define HAVE_STDINT_H 1
| #define HAVE_SYS_PARAM_H 1
| #define HAVE_SYS_TIME_H 1
| #define HAVE_SYS_TIMES_H 1
| #define HAVE_UNISTD_H 1
| #define HAVE_UTIME_H 1
| #define HAVE_ARPA_INET_H 1
| #define HAVE_NETDB_H 1
| #define HAVE_NETINET_IN_H 1
| #define HAVE_SYS_SOCKET_H 1
| #define HAVE_SYS_STAT_H 1
| #define HAVE_SYS_TYPES_H 1
| #define HAVE_SYS_WAIT_H 1
| #define HAVE_SYS_SHM_H 1
| #define HAVE_SYS_IPC_H 1
| #define HAVE_SIGNAL_H 1
| #define HAVE_INT8_T 1
| #define HAVE_INT16_T 1
| #define HAVE_INT32_T 1
| #define HAVE_INT64_T 1
| #define HAVE_INTPTR_T 1
| #define HAVE_UINT8_T 1
| /* end confdefs.h.  */
| #ifdef HAVE_STDINT_H
|     #include <stdint.h>
|     #endif
| 
| int
| main ()
| {
| if (sizeof ((uint16_t)))
| 	  return 0;
|   ;
|   return 0;
| }
configure:11480: result: yes
configure:11490: checking for uint32_t
configure:11521: gcc -c   -I/usr/include/freetype2 -fno-strict-aliasing -O2 -Wall  -I/usr/include/freetype2 conftest.c >&5
configure:11528: $? = 0
configure:11558: gcc -c   -I/usr/include/freetype2 -fno-strict-aliasing -O2 -Wall  -I/usr/include/freetype2 conftest.c >&5
conftest.c: In function 'main':
conftest.c:72:23: error: expected expression before ')' token
 if (sizeof ((uint32_t)))
                       ^
configure:11565: $? = 1
configure: failed program was:
| /* confdefs.h.  */
| #define PACKAGE_NAME "FOXTESTS"
| #define PACKAGE_TARNAME "foxtests"
| #define PACKAGE_VERSION "1.4.21"
| #define PACKAGE_STRING "FOXTESTS 1.4.21"
| #define PACKAGE_BUGREPORT ""
| #define PACKAGE "foxtests"
| #define VERSION "1.4.21"
| #define HOST_CPU "x86_64"
| #define HOST_VENDOR "unknown"
| #define HOST_OS "linux-gnu"
| #define UNIX 1
| #define HAVE_LIBFONTCONFIG 1
| #define HAVE_LIBXFT 1
| #define STDC_HEADERS 1
| #define HAVE_SYS_TYPES_H 1
| #define HAVE_SYS_STAT_H 1
| #define HAVE_STDLIB_H 1
| #define HAVE_STRING_H 1
| #define HAVE_MEMORY_H 1
| #define HAVE_STRINGS_H 1
| #define HAVE_INTTYPES_H 1
| #define HAVE_STDINT_H 1
| #define HAVE_UNISTD_H 1
| #define HAVE_LIBXFT 1
| #define HAVE_LIBDL 1
| #define HAVE_LIBRT 1
| #define HAVE_LIBPTHREAD 1
| #define HAVE_LIBXRENDER 1
| #define HAVE_ALLOCA_H 1
| #define HAVE_ALLOCA 1
| #define HAVE_DIRENT_H 1
| #define HAVE_SYS_WAIT_H 1
| #define HAVE_FCNTL_H 1
| #define HAVE_FLOAT_H 1
| #define HAVE_MALLOC_H 1
| #define HAVE_MEMORY_H 1
| #define HAVE_STDDEF_H 1
| #define HAVE_STDLIB_H 1
| #define HAVE_STRING_H 1
| #define HAVE_STDINT_H 1
| #define HAVE_SYS_PARAM_H 1
| #define HAVE_SYS_TIME_H 1
| #define HAVE_SYS_TIMES_H 1
| #define HAVE_UNISTD_H 1
| #define HAVE_UTIME_H 1
| #define HAVE_ARPA_INET_H 1
| #define HAVE_NETDB_H 1
| #define HAVE_NETINET_IN_H 1
| #define HAVE_SYS_SOCKET_H 1
| #define HAVE_SYS_STAT_H 1
| #define HAVE_SYS_TYPES_H 1
| #define HAVE_SYS_WAIT_H 1
| #define HAVE_SYS_SHM_H 1
| #define HAVE_SYS_IPC_H 1
| #define HAVE_SIGNAL_H 1
| #define HAVE_INT8_T 1
| #define HAVE_INT16_T 1
| #define HAVE_INT32_T 1
| #define HAVE_INT64_T 1
| #define HAVE_INTPTR_T 1
| #define HAVE_UINT8_T 1
| #define HAVE_UINT16_T 1
| /* end confdefs.h.  */
| #ifdef HAVE_STDINT_H
|     #include <stdint.h>
|     #endif
| 
| int
| main ()
| {
| if (sizeof ((uint32_t)))
| 	  return 0;
|   ;
|   return 0;
| }
configure:11588: result: yes
configure:11598: checking for uint64_t
configure:11629: gcc -c   -I/usr/include/freetype2 -fno-strict-aliasing -O2 -Wall  -I/usr/include/freetype2 conftest.c >&5
configure:11636: $? = 0
configure:11666: gcc -c   -I/usr/include/freetype2 -fno-strict-aliasing -O2 -Wall  -I/usr/include/freetype2 conftest.c >&5
conftest.c: In function 'main':
conftest.c:73:23: error: expected expression before ')' token
 if (sizeof ((uint64_t)))
                       ^
configure:11673: $? = 1
configure: failed program was:
| /* confdefs.h.  */
| #define PACKAGE_NAME "FOXTESTS"
| #define PACKAGE_TARNAME "foxtests"
| #define PACKAGE_VERSION "1.4.21"
| #define PACKAGE_STRING "FOXTESTS 1.4.21"
| #define PACKAGE_BUGREPORT ""
| #define PACKAGE "foxtests"
| #define VERSION "1.4.21"
| #define HOST_CPU "x86_64"
| #define HOST_VENDOR "unknown"
| #define HOST_OS "linux-gnu"
| #define UNIX 1
| #define HAVE_LIBFONTCONFIG 1
| #define HAVE_LIBXFT 1
| #define STDC_HEADERS 1
| #define HAVE_SYS_TYPES_H 1
| #define HAVE_SYS_STAT_H 1
| #define HAVE_STDLIB_H 1
| #define HAVE_STRING_H 1
| #define HAVE_MEMORY_H 1
| #define HAVE_STRINGS_H 1
| #define HAVE_INTTYPES_H 1
| #define HAVE_STDINT_H 1
| #define HAVE_UNISTD_H 1
| #define HAVE_LIBXFT 1
| #define HAVE_LIBDL 1
| #define HAVE_LIBRT 1
| #define HAVE_LIBPTHREAD 1
| #define HAVE_LIBXRENDER 1
| #define HAVE_ALLOCA_H 1
| #define HAVE_ALLOCA 1
| #define HAVE_DIRENT_H 1
| #define HAVE_SYS_WAIT_H 1
| #define HAVE_FCNTL_H 1
| #define HAVE_FLOAT_H 1
| #define HAVE_MALLOC_H 1
| #define HAVE_MEMORY_H 1
| #define HAVE_STDDEF_H 1
| #define HAVE_STDLIB_H 1
| #define HAVE_STRING_H 1
| #define HAVE_STDINT_H 1
| #define HAVE_SYS_PARAM_H 1
| #define HAVE_SYS_TIME_H 1
| #define HAVE_SYS_TIMES_H 1
| #define HAVE_UNISTD_H 1
| #define HAVE_UTIME_H 1
| #define HAVE_ARPA_INET_H 1
| #define HAVE_NETDB_H 1
| #define HAVE_NETINET_IN_H 1
| #define HAVE_SYS_SOCKET_H 1
| #define HAVE_SYS_STAT_H 1
| #define HAVE_SYS_TYPES_H 1
| #define HAVE_SYS_WAIT_H 1
| #define HAVE_SYS_SHM_H 1
| #define HAVE_SYS_IPC_H 1
| #define HAVE_SIGNAL_H 1
| #define HAVE_INT8_T 1
| #define HAVE_INT16_T 1
| #define HAVE_INT32_T 1
| #define HAVE_INT64_T 1
| #define HAVE_INTPTR_T 1
| #define HAVE_UINT8_T 1
| #define HAVE_UINT16_T 1
| #define HAVE_UINT32_T 1
| /* end confdefs.h.  */
| #ifdef HAVE_STDINT_H
|     #include <stdint.h>
|     #endif
| 
| int
| main ()
| {
| if (sizeof ((uint64_t)))
| 	  return 0;
|   ;
|   return 0;
| }
configure:11696: result: yes
configure:11706: checking for uintptr_t
configure:11737: gcc -c   -I/usr/include/freetype2 -fno-strict-aliasing -O2 -Wall  -I/usr/include/freetype2 conftest.c >&5
configure:11744: $? = 0
configure:11774: gcc -c   -I/usr/include/freetype2 -fno-strict-aliasing -O2 -Wall  -I/usr/include/freetype2 conftest.c >&5
conftest.c: In function 'main':
conftest.c:74:24: error: expected expression before ')' token
 if (sizeof ((uintptr_t)))
                        ^
configure:11781: $? = 1
configure: failed program was:
| /* confdefs.h.  */
| #define PACKAGE_NAME "FOXTESTS"
| #define PACKAGE_TARNAME "foxtests"
| #define PACKAGE_VERSION "1.4.21"
| #define PACKAGE_STRING "FOXTESTS 1.4.21"
| #define PACKAGE_BUGREPORT ""
| #define PACKAGE "foxtests"
| #define VERSION "1.4.21"
| #define HOST_CPU "x86_64"
| #define HOST_VENDOR "unknown"
| #define HOST_OS "linux-gnu"
| #define UNIX 1
| #define HAVE_LIBFONTCONFIG 1
| #define HAVE_LIBXFT 1
| #define STDC_HEADERS 1
| #define HAVE_SYS_TYPES_H 1
| #define HAVE_SYS_STAT_H 1
| #define HAVE_STDLIB_H 1
| #define HAVE_STRING_H 1
| #define HAVE_MEMORY_H 1
| #define HAVE_STRINGS_H 1
| #define HAVE_INTTYPES_H 1
| #define HAVE_STDINT_H 1
| #define HAVE_UNISTD_H 1
| #define HAVE_LIBXFT 1
| #define HAVE_LIBDL 1
| #define HAVE_LIBRT 1
| #define HAVE_LIBPTHREAD 1
| #define HAVE_LIBXRENDER 1
| #define HAVE_ALLOCA_H 1
| #define HAVE_ALLOCA 1
| #define HAVE_DIRENT_H 1
| #define HAVE_SYS_WAIT_H 1
| #define HAVE_FCNTL_H 1
| #define HAVE_FLOAT_H 1
| #define HAVE_MALLOC_H 1
| #define HAVE_MEMORY_H 1
| #define HAVE_STDDEF_H 1
| #define HAVE_STDLIB_H 1
| #define HAVE_STRING_H 1
| #define HAVE_STDINT_H 1
| #define HAVE_SYS_PARAM_H 1
| #define HAVE_SYS_TIME_H 1
| #define HAVE_SYS_TIMES_H 1
| #define HAVE_UNISTD_H 1
| #define HAVE_UTIME_H 1
| #define HAVE_ARPA_INET_H 1
| #define HAVE_NETDB_H 1
| #define HAVE_NETINET_IN_H 1
| #define HAVE_SYS_SOCKET_H 1
| #define HAVE_SYS_STAT_H 1
| #define HAVE_SYS_TYPES_H 1
| #define HAVE_SYS_WAIT_H 1
| #define HAVE_SYS_SHM_H 1
| #define HAVE_SYS_IPC_H 1
| #define HAVE_SIGNAL_H 1
| #define HAVE_INT8_T 1
| #define HAVE_INT16_T 1
| #define HAVE_INT32_T 1
| #define HAVE_INT64_T 1
| #define HAVE_INTPTR_T 1
| #define HAVE_UINT8_T 1
| #define HAVE_UINT16_T 1
| #define HAVE_UINT32_T 1
| #define HAVE_UINT64_T 1
| /* end confdefs.h.  */
| #ifdef HAVE_STDINT_H
|     #include <stdint.h>
|     #endif
| 
| int
| main ()
| {
| if (sizeof ((uintptr_t)))
| 	  return 0;
|   ;
|   return 0;
| }
configure:11804: result: yes
configure:11815: checking for u_int8_t
configure:11846: gcc -c   -I/usr/include/freetype2 -fno-strict-aliasing -O2 -Wall  -I/usr/include/freetype2 conftest.c >&5
conftest.c: In function 'main':
conftest.c:75:13: error: 'u_int8_t' undeclared (first use in this function)
 if (sizeof (u_int8_t))
             ^
conftest.c:75:13: note: each undeclared identifier is reported only once for each function it appears in
configure:11853: $? = 1
configure: failed program was:
| /* confdefs.h.  */
| #define PACKAGE_NAME "FOXTESTS"
| #define PACKAGE_TARNAME "foxtests"
| #define PACKAGE_VERSION "1.4.21"
| #define PACKAGE_STRING "FOXTESTS 1.4.21"
| #define PACKAGE_BUGREPORT ""
| #define PACKAGE "foxtests"
| #define VERSION "1.4.21"
| #define HOST_CPU "x86_64"
| #define HOST_VENDOR "unknown"
| #define HOST_OS "linux-gnu"
| #define UNIX 1
| #define HAVE_LIBFONTCONFIG 1
| #define HAVE_LIBXFT 1
| #define STDC_HEADERS 1
| #define HAVE_SYS_TYPES_H 1
| #define HAVE_SYS_STAT_H 1
| #define HAVE_STDLIB_H 1
| #define HAVE_STRING_H 1
| #define HAVE_MEMORY_H 1
| #define HAVE_STRINGS_H 1
| #define HAVE_INTTYPES_H 1
| #define HAVE_STDINT_H 1
| #define HAVE_UNISTD_H 1
| #define HAVE_LIBXFT 1
| #define HAVE_LIBDL 1
| #define HAVE_LIBRT 1
| #define HAVE_LIBPTHREAD 1
| #define HAVE_LIBXRENDER 1
| #define HAVE_ALLOCA_H 1
| #define HAVE_ALLOCA 1
| #define HAVE_DIRENT_H 1
| #define HAVE_SYS_WAIT_H 1
| #define HAVE_FCNTL_H 1
| #define HAVE_FLOAT_H 1
| #define HAVE_MALLOC_H 1
| #define HAVE_MEMORY_H 1
| #define HAVE_STDDEF_H 1
| #define HAVE_STDLIB_H 1
| #define HAVE_STRING_H 1
| #define HAVE_STDINT_H 1
| #define HAVE_SYS_PARAM_H 1
| #define HAVE_SYS_TIME_H 1
| #define HAVE_SYS_TIMES_H 1
| #define HAVE_UNISTD_H 1
| #define HAVE_UTIME_H 1
| #define HAVE_ARPA_INET_H 1
| #define HAVE_NETDB_H 1
| #define HAVE_NETINET_IN_H 1
| #define HAVE_SYS_SOCKET_H 1
| #define HAVE_SYS_STAT_H 1
| #define HAVE_SYS_TYPES_H 1
| #define HAVE_SYS_WAIT_H 1
| #define HAVE_SYS_SHM_H 1
| #define HAVE_SYS_IPC_H 1
| #define HAVE_SIGNAL_H 1
| #define HAVE_INT8_T 1
| #define HAVE_INT16_T 1
| #define HAVE_INT32_T 1
| #define HAVE_INT64_T 1
| #define HAVE_INTPTR_T 1
| #define HAVE_UINT8_T 1
| #define HAVE_UINT16_T 1
| #define HAVE_UINT32_T 1
| #define HAVE_UINT64_T 1
| #define HAVE_UINTPTR_T 1
| /* end confdefs.h.  */
| #ifdef HAVE_STDINT_H
|     #include <stdint.h>
|     #endif
| 
| int
| main ()
| {
| if (sizeof (u_int8_t))
|        return 0;
|   ;
|   return 0;
| }
configure:11913: result: no
configure:11923: checking for u_int16_t
configure:11954: gcc -c   -I/usr/include/freetype2 -fno-strict-aliasing -O2 -Wall  -I/usr/include/freetype2 conftest.c >&5
conftest.c: In function 'main':
conftest.c:75:13: error: 'u_int16_t' undeclared (first use in this function)
 if (sizeof (u_int16_t))
             ^
conftest.c:75:13: note: each undeclared identifier is reported only once for each function it appears in
configure:11961: $? = 1
configure: failed program was:
| /* confdefs.h.  */
| #define PACKAGE_NAME "FOXTESTS"
| #define PACKAGE_TARNAME "foxtests"
| #define PACKAGE_VERSION "1.4.21"
| #define PACKAGE_STRING "FOXTESTS 1.4.21"
| #define PACKAGE_BUGREPORT ""
| #define PACKAGE "foxtests"
| #define VERSION "1.4.21"
| #define HOST_CPU "x86_64"
| #define HOST_VENDOR "unknown"
| #define HOST_OS "linux-gnu"
| #define UNIX 1
| #define HAVE_LIBFONTCONFIG 1
| #define HAVE_LIBXFT 1
| #define STDC_HEADERS 1
| #define HAVE_SYS_TYPES_H 1
| #define HAVE_SYS_STAT_H 1
| #define HAVE_STDLIB_H 1
| #define HAVE_STRING_H 1
| #define HAVE_MEMORY_H 1
| #define HAVE_STRINGS_H 1
| #define HAVE_INTTYPES_H 1
| #define HAVE_STDINT_H 1
| #define HAVE_UNISTD_H 1
| #define HAVE_LIBXFT 1
| #define HAVE_LIBDL 1
| #define HAVE_LIBRT 1
| #define HAVE_LIBPTHREAD 1
| #define HAVE_LIBXRENDER 1
| #define HAVE_ALLOCA_H 1
| #define HAVE_ALLOCA 1
| #define HAVE_DIRENT_H 1
| #define HAVE_SYS_WAIT_H 1
| #define HAVE_FCNTL_H 1
| #define HAVE_FLOAT_H 1
| #define HAVE_MALLOC_H 1
| #define HAVE_MEMORY_H 1
| #define HAVE_STDDEF_H 1
| #define HAVE_STDLIB_H 1
| #define HAVE_STRING_H 1
| #define HAVE_STDINT_H 1
| #define HAVE_SYS_PARAM_H 1
| #define HAVE_SYS_TIME_H 1
| #define HAVE_SYS_TIMES_H 1
| #define HAVE_UNISTD_H 1
| #define HAVE_UTIME_H 1
| #define HAVE_ARPA_INET_H 1
| #define HAVE_NETDB_H 1
| #define HAVE_NETINET_IN_H 1
| #define HAVE_SYS_SOCKET_H 1
| #define HAVE_SYS_STAT_H 1
| #define HAVE_SYS_TYPES_H 1
| #define HAVE_SYS_WAIT_H 1
| #define HAVE_SYS_SHM_H 1
| #define HAVE_SYS_IPC_H 1
| #define HAVE_SIGNAL_H 1
| #define HAVE_INT8_T 1
| #define HAVE_INT16_T 1
| #define HAVE_INT32_T 1
| #define HAVE_INT64_T 1
| #define HAVE_INTPTR_T 1
| #define HAVE_UINT8_T 1
| #define HAVE_UINT16_T 1
| #define HAVE_UINT32_T 1
| #define HAVE_UINT64_T 1
| #define HAVE_UINTPTR_T 1
| /* end confdefs.h.  */
| #ifdef HAVE_STDINT_H
|     #include <stdint.h>
|     #endif
| 
| int
| main ()
| {
| if (sizeof (u_int16_t))
|        return 0;
|   ;
|   return 0;
| }
configure:12021: result: no
configure:12031: checking for u_int32_t
configure:12062: gcc -c   -I/usr/include/freetype2 -fno-strict-aliasing -O2 -Wall  -I/usr/include/freetype2 conftest.c >&5
conftest.c: In function 'main':
conftest.c:75:13: error: 'u_int32_t' undeclared (first use in this function)
 if (sizeof (u_int32_t))
             ^
conftest.c:75:13: note: each undeclared identifier is reported only once for each function it appears in
configure:12069: $? = 1
configure: failed program was:
| /* confdefs.h.  */
| #define PACKAGE_NAME "FOXTESTS"
| #define PACKAGE_TARNAME "foxtests"
| #define PACKAGE_VERSION "1.4.21"
| #define PACKAGE_STRING "FOXTESTS 1.4.21"
| #define PACKAGE_BUGREPORT ""
| #define PACKAGE "foxtests"
| #define VERSION "1.4.21"
| #define HOST_CPU "x86_64"
| #define HOST_VENDOR "unknown"
| #define HOST_OS "linux-gnu"
| #define UNIX 1
| #define HAVE_LIBFONTCONFIG 1
| #define HAVE_LIBXFT 1
| #define STDC_HEADERS 1
| #define HAVE_SYS_TYPES_H 1
| #define HAVE_SYS_STAT_H 1
| #define HAVE_STDLIB_H 1
| #define HAVE_STRING_H 1
| #define HAVE_MEMORY_H 1
| #define HAVE_STRINGS_H 1
| #define HAVE_INTTYPES_H 1
| #define HAVE_STDINT_H 1
| #define HAVE_UNISTD_H 1
| #define HAVE_LIBXFT 1
| #define HAVE_LIBDL 1
| #define HAVE_LIBRT 1
| #define HAVE_LIBPTHREAD 1
| #define HAVE_LIBXRENDER 1
| #define HAVE_ALLOCA_H 1
| #define HAVE_ALLOCA 1
| #define HAVE_DIRENT_H 1
| #define HAVE_SYS_WAIT_H 1
| #define HAVE_FCNTL_H 1
| #define HAVE_FLOAT_H 1
| #define HAVE_MALLOC_H 1
| #define HAVE_MEMORY_H 1
| #define HAVE_STDDEF_H 1
| #define HAVE_STDLIB_H 1
| #define HAVE_STRING_H 1
| #define HAVE_STDINT_H 1
| #define HAVE_SYS_PARAM_H 1
| #define HAVE_SYS_TIME_H 1
| #define HAVE_SYS_TIMES_H 1
| #define HAVE_UNISTD_H 1
| #define HAVE_UTIME_H 1
| #define HAVE_ARPA_INET_H 1
| #define HAVE_NETDB_H 1
| #define HAVE_NETINET_IN_H 1
| #define HAVE_SYS_SOCKET_H 1
| #define HAVE_SYS_STAT_H 1
| #define HAVE_SYS_TYPES_H 1
| #define HAVE_SYS_WAIT_H 1
| #define HAVE_SYS_SHM_H 1
| #define HAVE_SYS_IPC_H 1
| #define HAVE_SIGNAL_H 1
| #define HAVE_INT8_T 1
| #define HAVE_INT16_T 1
| #define HAVE_INT32_T 1
| #define HAVE_INT64_T 1
| #define HAVE_INTPTR_T 1
| #define HAVE_UINT8_T 1
| #define HAVE_UINT16_T 1
| #define HAVE_UINT32_T 1
| #define HAVE_UINT64_T 1
| #define HAVE_UINTPTR_T 1
| /* end confdefs.h.  */
| #ifdef HAVE_STDINT_H
|     #include <stdint.h>
|     #endif
| 
| int
| main ()
| {
| if (sizeof (u_int32_t))
|        return 0;
|   ;
|   return 0;
| }
configure:12129: result: no
configure:12139: checking for u_int64_t
configure:12170: gcc -c   -I/usr/include/freetype2 -fno-strict-aliasing -O2 -Wall  -I/usr/include/freetype2 conftest.c >&5
conftest.c: In function 'main':
conftest.c:75:13: error: 'u_int64_t' undeclared (first use in this function)
 if (sizeof (u_int64_t))
             ^
conftest.c:75:13: note: each undeclared identifier is reported only once for each function it appears in
configure:12177: $? = 1
configure: failed program was:
| /* confdefs.h.  */
| #define PACKAGE_NAME "FOXTESTS"
| #define PACKAGE_TARNAME "foxtests"
| #define PACKAGE_VERSION "1.4.21"
| #define PACKAGE_STRING "FOXTESTS 1.4.21"
| #define PACKAGE_BUGREPORT ""
| #define PACKAGE "foxtests"
| #define VERSION "1.4.21"
| #define HOST_CPU "x86_64"
| #define HOST_VENDOR "unknown"
| #define HOST_OS "linux-gnu"
| #define UNIX 1
| #define HAVE_LIBFONTCONFIG 1
| #define HAVE_LIBXFT 1
| #define STDC_HEADERS 1
| #define HAVE_SYS_TYPES_H 1
| #define HAVE_SYS_STAT_H 1
| #define HAVE_STDLIB_H 1
| #define HAVE_STRING_H 1
| #define HAVE_MEMORY_H 1
| #define HAVE_STRINGS_H 1
| #define HAVE_INTTYPES_H 1
| #define HAVE_STDINT_H 1
| #define HAVE_UNISTD_H 1
| #define HAVE_LIBXFT 1
| #define HAVE_LIBDL 1
| #define HAVE_LIBRT 1
| #define HAVE_LIBPTHREAD 1
| #define HAVE_LIBXRENDER 1
| #define HAVE_ALLOCA_H 1
| #define HAVE_ALLOCA 1
| #define HAVE_DIRENT_H 1
| #define HAVE_SYS_WAIT_H 1
| #define HAVE_FCNTL_H 1
| #define HAVE_FLOAT_H 1
| #define HAVE_MALLOC_H 1
| #define HAVE_MEMORY_H 1
| #define HAVE_STDDEF_H 1
| #define HAVE_STDLIB_H 1
| #define HAVE_STRING_H 1
| #define HAVE_STDINT_H 1
| #define HAVE_SYS_PARAM_H 1
| #define HAVE_SYS_TIME_H 1
| #define HAVE_SYS_TIMES_H 1
| #define HAVE_UNISTD_H 1
| #define HAVE_UTIME_H 1
| #define HAVE_ARPA_INET_H 1
| #define HAVE_NETDB_H 1
| #define HAVE_NETINET_IN_H 1
| #define HAVE_SYS_SOCKET_H 1
| #define HAVE_SYS_STAT_H 1
| #define HAVE_SYS_TYPES_H 1
| #define HAVE_SYS_WAIT_H 1
| #define HAVE_SYS_SHM_H 1
| #define HAVE_SYS_IPC_H 1
| #define HAVE_SIGNAL_H 1
| #define HAVE_INT8_T 1
| #define HAVE_INT16_T 1
| #define HAVE_INT32_T 1
| #define HAVE_INT64_T 1
| #define HAVE_INTPTR_T 1
| #define HAVE_UINT8_T 1
| #define HAVE_UINT16_T 1
| #define HAVE_UINT32_T 1
| #define HAVE_UINT64_T 1
| #define HAVE_UINTPTR_T 1
| /* end confdefs.h.  */
| #ifdef HAVE_STDINT_H
|     #include <stdint.h>
|     #endif
| 
| int
| main ()
| {
| if (sizeof (u_int64_t))
|        return 0;
|   ;
|   return 0;
| }
configure:12237: result: no
configure:12247: checking for u_intptr_t
configure:12278: gcc -c   -I/usr/include/freetype2 -fno-strict-aliasing -O2 -Wall  -I/usr/include/freetype2 conftest.c >&5
conftest.c: In function 'main':
conftest.c:75:13: error: 'u_intptr_t' undeclared (first use in this function)
 if (sizeof (u_intptr_t))
             ^
conftest.c:75:13: note: each undeclared identifier is reported only once for each function it appears in
configure:12285: $? = 1
configure: failed program was:
| /* confdefs.h.  */
| #define PACKAGE_NAME "FOXTESTS"
| #define PACKAGE_TARNAME "foxtests"
| #define PACKAGE_VERSION "1.4.21"
| #define PACKAGE_STRING "FOXTESTS 1.4.21"
| #define PACKAGE_BUGREPORT ""
| #define PACKAGE "foxtests"
| #define VERSION "1.4.21"
| #define HOST_CPU "x86_64"
| #define HOST_VENDOR "unknown"
| #define HOST_OS "linux-gnu"
| #define UNIX 1
| #define HAVE_LIBFONTCONFIG 1
| #define HAVE_LIBXFT 1
| #define STDC_HEADERS 1
| #define HAVE_SYS_TYPES_H 1
| #define HAVE_SYS_STAT_H 1
| #define HAVE_STDLIB_H 1
| #define HAVE_STRING_H 1
| #define HAVE_MEMORY_H 1
| #define HAVE_STRINGS_H 1
| #define HAVE_INTTYPES_H 1
| #define HAVE_STDINT_H 1
| #define HAVE_UNISTD_H 1
| #define HAVE_LIBXFT 1
| #define HAVE_LIBDL 1
| #define HAVE_LIBRT 1
| #define HAVE_LIBPTHREAD 1
| #define HAVE_LIBXRENDER 1
| #define HAVE_ALLOCA_H 1
| #define HAVE_ALLOCA 1
| #define HAVE_DIRENT_H 1
| #define HAVE_SYS_WAIT_H 1
| #define HAVE_FCNTL_H 1
| #define HAVE_FLOAT_H 1
| #define HAVE_MALLOC_H 1
| #define HAVE_MEMORY_H 1
| #define HAVE_STDDEF_H 1
| #define HAVE_STDLIB_H 1
| #define HAVE_STRING_H 1
| #define HAVE_STDINT_H 1
| #define HAVE_SYS_PARAM_H 1
| #define HAVE_SYS_TIME_H 1
| #define HAVE_SYS_TIMES_H 1
| #define HAVE_UNISTD_H 1
| #define HAVE_UTIME_H 1
| #define HAVE_ARPA_INET_H 1
| #define HAVE_NETDB_H 1
| #define HAVE_NETINET_IN_H 1
| #define HAVE_SYS_SOCKET_H 1
| #define HAVE_SYS_STAT_H 1
| #define HAVE_SYS_TYPES_H 1
| #define HAVE_SYS_WAIT_H 1
| #define HAVE_SYS_SHM_H 1
| #define HAVE_SYS_IPC_H 1
| #define HAVE_SIGNAL_H 1
| #define HAVE_INT8_T 1
| #define HAVE_INT16_T 1
| #define HAVE_INT32_T 1
| #define HAVE_INT64_T 1
| #define HAVE_INTPTR_T 1
| #define HAVE_UINT8_T 1
| #define HAVE_UINT16_T 1
| #define HAVE_UINT32_T 1
| #define HAVE_UINT64_T 1
| #define HAVE_UINTPTR_T 1
| /* end confdefs.h.  */
| #ifdef HAVE_STDINT_H
|     #include <stdint.h>
|     #endif
| 
| int
| main ()
| {
| if (sizeof (u_intptr_t))
|        return 0;
|   ;
|   return 0;
| }
configure:12345: result: no
configure:12369: checking size of void *
configure:12674: gcc -o conftest   -I/usr/include/freetype2 -fno-strict-aliasing -O2 -Wall  -I/usr/include/freetype2  -L/usr/X11R6/lib -Wl,--hash-style=both conftest.c -lXrender -lXext -lX11 -L/usr/lib/x86_64-linux-gnu -lfreetype -lz -lpng12 -lpthread -lrt -ldl -lXft -lfontconfig  >&5
configure:12678: $? = 0
configure:12684: ./conftest
configure:12688: $? = 0
configure:12714: result: 8
configure:12728: checking size of short int
configure:13033: gcc -o conftest   -I/usr/include/freetype2 -fno-strict-aliasing -O2 -Wall  -I/usr/include/freetype2  -L/usr/X11R6/lib -Wl,--hash-style=both conftest.c -lXrender -lXext -lX11 -L/usr/lib/x86_64-linux-gnu -lfreetype -lz -lpng12 -lpthread -lrt -ldl -lXft -lfontconfig  >&5
configure:13037: $? = 0
configure:13043: ./conftest
configure:13047: $? = 0
configure:13073: result: 2
configure:13087: checking size of int
configure:13392: gcc -o conftest   -I/usr/include/freetype2 -fno-strict-aliasing -O2 -Wall  -I/usr/include/freetype2  -L/usr/X11R6/lib -Wl,--hash-style=both conftest.c -lXrender -lXext -lX11 -L/usr/lib/x86_64-linux-gnu -lfreetype -lz -lpng12 -lpthread -lrt -ldl -lXft -lfontconfig  >&5
configure:13396: $? = 0
configure:13402: ./conftest
configure:13406: $? = 0
configure:13432: result: 4
configure:13446: checking size of long
configure:13751: gcc -o conftest   -I/usr/include/freetype2 -fno-strict-aliasing -O2 -Wall  -I/usr/include/freetype2  -L/usr/X11R6/lib -Wl,--hash-style=both conftest.c -lXrender -lXext -lX11 -L/usr/lib/x86_64-linux-gnu -lfreetype -lz -lpng12 -lpthread -lrt -ldl -lXft -lfontconfig  >&5
configure:13755: $? = 0
configure:13761: ./conftest
configure:13765: $? = 0
configure:13791: result: 8
configure:13805: checking size of long long
configure:14110: gcc -o conftest   -I/usr/include/freetype2 -fno-strict-aliasing -O2 -Wall  -I/usr/include/freetype2  -L/usr/X11R6/lib -Wl,--hash-style=both conftest.c -lXrender -lXext -lX11 -L/usr/lib/x86_64-linux-gnu -lfreetype -lz -lpng12 -lpthread -lrt -ldl -lXft -lfontconfig  >&5
configure:14114: $? = 0
configure:14120: ./conftest
configure:14124: $? = 0
configure:14150: result: 8
configure:14161: checking whether byte ordering is bigendian
configure:14186: gcc -c   -I/usr/include/freetype2 -fno-strict-aliasing -O2 -Wall  -I/usr/include/freetype2 conftest.c >&5
conftest.c:74:9: error: unknown type name 'not'
         not a universal capable compiler
         ^
conftest.c:74:15: error: expected '=', ',', ';', 'asm' or '__attribute__' before 'universal'
         not a universal capable compiler
               ^
conftest.c:74:15: error: unknown type name 'universal'
configure:14193: $? = 1
configure: failed program was:
| /* confdefs.h.  */
| #define PACKAGE_NAME "FOXTESTS"
| #define PACKAGE_TARNAME "foxtests"
| #define PACKAGE_VERSION "1.4.21"
| #define PACKAGE_STRING "FOXTESTS 1.4.21"
| #define PACKAGE_BUGREPORT ""
| #define PACKAGE "foxtests"
| #define VERSION "1.4.21"
| #define HOST_CPU "x86_64"
| #define HOST_VENDOR "unknown"
| #define HOST_OS "linux-gnu"
| #define UNIX 1
| #define HAVE_LIBFONTCONFIG 1
| #define HAVE_LIBXFT 1
| #define STDC_HEADERS 1
| #define HAVE_SYS_TYPES_H 1
| #define HAVE_SYS_STAT_H 1
| #define HAVE_STDLIB_H 1
| #define HAVE_STRING_H 1
| #define HAVE_MEMORY_H 1
| #define HAVE_STRINGS_H 1
| #define HAVE_INTTYPES_H 1
| #define HAVE_STDINT_H 1
| #define HAVE_UNISTD_H 1
| #define HAVE_LIBXFT 1
| #define HAVE_LIBDL 1
| #define HAVE_LIBRT 1
| #define HAVE_LIBPTHREAD 1
| #define HAVE_LIBXRENDER 1
| #define HAVE_ALLOCA_H 1
| #define HAVE_ALLOCA 1
| #define HAVE_DIRENT_H 1
| #define HAVE_SYS_WAIT_H 1
| #define HAVE_FCNTL_H 1
| #define HAVE_FLOAT_H 1
| #define HAVE_MALLOC_H 1
| #define HAVE_MEMORY_H 1
| #define HAVE_STDDEF_H 1
| #define HAVE_STDLIB_H 1
| #define HAVE_STRING_H 1
| #define HAVE_STDINT_H 1
| #define HAVE_SYS_PARAM_H 1
| #define HAVE_SYS_TIME_H 1
| #define HAVE_SYS_TIMES_H 1
| #define HAVE_UNISTD_H 1
| #define HAVE_UTIME_H 1
| #define HAVE_ARPA_INET_H 1
| #define HAVE_NETDB_H 1
| #define HAVE_NETINET_IN_H 1
| #define HAVE_SYS_SOCKET_H 1
| #define HAVE_SYS_STAT_H 1
| #define HAVE_SYS_TYPES_H 1
| #define HAVE_SYS_WAIT_H 1
| #define HAVE_SYS_SHM_H 1
| #define HAVE_SYS_IPC_H 1
| #define HAVE_SIGNAL_H 1
| #define HAVE_INT8_T 1
| #define HAVE_INT16_T 1
| #define HAVE_INT32_T 1
| #define HAVE_INT64_T 1
| #define HAVE_INTPTR_T 1
| #define HAVE_UINT8_T 1
| #define HAVE_UINT16_T 1
| #define HAVE_UINT32_T 1
| #define HAVE_UINT64_T 1
| #define HAVE_UINTPTR_T 1
| #define SIZEOF_VOID_P 8
| #define SIZEOF_SHORT_INT 2
| #define SIZEOF_INT 4
| #define SIZEOF_LONG 8
| #define SIZEOF_LONG_LONG 8
| /* end confdefs.h.  */
| #ifndef __APPLE_CC__
| 	       not a universal capable compiler
| 	     #endif
| 	     typedef int dummy;
| 
configure:14243: gcc -c   -I/usr/include/freetype2 -fno-strict-aliasing -O2 -Wall  -I/usr/include/freetype2 conftest.c >&5
configure:14250: $? = 0
configure:14282: gcc -c   -I/usr/include/freetype2 -fno-strict-aliasing -O2 -Wall  -I/usr/include/freetype2 conftest.c >&5
conftest.c: In function 'main':
conftest.c:80:4: error: unknown type name 'not'
    not big endian
    ^
conftest.c:80:12: error: expected '=', ',', ';', 'asm' or '__attribute__' before 'endian'
    not big endian
            ^
configure:14289: $? = 1
configure: failed program was:
| /* confdefs.h.  */
| #define PACKAGE_NAME "FOXTESTS"
| #define PACKAGE_TARNAME "foxtests"
| #define PACKAGE_VERSION "1.4.21"
| #define PACKAGE_STRING "FOXTESTS 1.4.21"
| #define PACKAGE_BUGREPORT ""
| #define PACKAGE "foxtests"
| #define VERSION "1.4.21"
| #define HOST_CPU "x86_64"
| #define HOST_VENDOR "unknown"
| #define HOST_OS "linux-gnu"
| #define UNIX 1
| #define HAVE_LIBFONTCONFIG 1
| #define HAVE_LIBXFT 1
| #define STDC_HEADERS 1
| #define HAVE_SYS_TYPES_H 1
| #define HAVE_SYS_STAT_H 1
| #define HAVE_STDLIB_H 1
| #define HAVE_STRING_H 1
| #define HAVE_MEMORY_H 1
| #define HAVE_STRINGS_H 1
| #define HAVE_INTTYPES_H 1
| #define HAVE_STDINT_H 1
| #define HAVE_UNISTD_H 1
| #define HAVE_LIBXFT 1
| #define HAVE_LIBDL 1
| #define HAVE_LIBRT 1
| #define HAVE_LIBPTHREAD 1
| #define HAVE_LIBXRENDER 1
| #define HAVE_ALLOCA_H 1
| #define HAVE_ALLOCA 1
| #define HAVE_DIRENT_H 1
| #define HAVE_SYS_WAIT_H 1
| #define HAVE_FCNTL_H 1
| #define HAVE_FLOAT_H 1
| #define HAVE_MALLOC_H 1
| #define HAVE_MEMORY_H 1
| #define HAVE_STDDEF_H 1
| #define HAVE_STDLIB_H 1
| #define HAVE_STRING_H 1
| #define HAVE_STDINT_H 1
| #define HAVE_SYS_PARAM_H 1
| #define HAVE_SYS_TIME_H 1
| #define HAVE_SYS_TIMES_H 1
| #define HAVE_UNISTD_H 1
| #define HAVE_UTIME_H 1
| #define HAVE_ARPA_INET_H 1
| #define HAVE_NETDB_H 1
| #define HAVE_NETINET_IN_H 1
| #define HAVE_SYS_SOCKET_H 1
| #define HAVE_SYS_STAT_H 1
| #define HAVE_SYS_TYPES_H 1
| #define HAVE_SYS_WAIT_H 1
| #define HAVE_SYS_SHM_H 1
| #define HAVE_SYS_IPC_H 1
| #define HAVE_SIGNAL_H 1
| #define HAVE_INT8_T 1
| #define HAVE_INT16_T 1
| #define HAVE_INT32_T 1
| #define HAVE_INT64_T 1
| #define HAVE_INTPTR_T 1
| #define HAVE_UINT8_T 1
| #define HAVE_UINT16_T 1
| #define HAVE_UINT32_T 1
| #define HAVE_UINT64_T 1
| #define HAVE_UINTPTR_T 1
| #define SIZEOF_VOID_P 8
| #define SIZEOF_SHORT_INT 2
| #define SIZEOF_INT 4
| #define SIZEOF_LONG 8
| #define SIZEOF_LONG_LONG 8
| /* end confdefs.h.  */
| #include <sys/types.h>
| 		#include <sys/param.h>
| 
| int
| main ()
| {
| #if BYTE_ORDER != BIG_ENDIAN
| 		 not big endian
| 		#endif
| 
|   ;
|   return 0;
| }
configure:14541: result: no
configure:14567: checking for socklen_t
configure:14596: gcc -c   -I/usr/include/freetype2 -fno-strict-aliasing -O2 -Wall  -I/usr/include/freetype2 conftest.c >&5
configure:14603: $? = 0
configure:14631: gcc -c   -I/usr/include/freetype2 -fno-strict-aliasing -O2 -Wall  -I/usr/include/freetype2 conftest.c >&5
conftest.c: In function 'main':
conftest.c:78:24: error: expected expression before ')' token
 if (sizeof ((socklen_t)))
                        ^
configure:14638: $? = 1
configure: failed program was:
| /* confdefs.h.  */
| #define PACKAGE_NAME "FOXTESTS"
| #define PACKAGE_TARNAME "foxtests"
| #define PACKAGE_VERSION "1.4.21"
| #define PACKAGE_STRING "FOXTESTS 1.4.21"
| #define PACKAGE_BUGREPORT ""
| #define PACKAGE "foxtests"
| #define VERSION "1.4.21"
| #define HOST_CPU "x86_64"
| #define HOST_VENDOR "unknown"
| #define HOST_OS "linux-gnu"
| #define UNIX 1
| #define HAVE_LIBFONTCONFIG 1
| #define HAVE_LIBXFT 1
| #define STDC_HEADERS 1
| #define HAVE_SYS_TYPES_H 1
| #define HAVE_SYS_STAT_H 1
| #define HAVE_STDLIB_H 1
| #define HAVE_STRING_H 1
| #define HAVE_MEMORY_H 1
| #define HAVE_STRINGS_H 1
| #define HAVE_INTTYPES_H 1
| #define HAVE_STDINT_H 1
| #define HAVE_UNISTD_H 1
| #define HAVE_LIBXFT 1
| #define HAVE_LIBDL 1
| #define HAVE_LIBRT 1
| #define HAVE_LIBPTHREAD 1
| #define HAVE_LIBXRENDER 1
| #define HAVE_ALLOCA_H 1
| #define HAVE_ALLOCA 1
| #define HAVE_DIRENT_H 1
| #define HAVE_SYS_WAIT_H 1
| #define HAVE_FCNTL_H 1
| #define HAVE_FLOAT_H 1
| #define HAVE_MALLOC_H 1
| #define HAVE_MEMORY_H 1
| #define HAVE_STDDEF_H 1
| #define HAVE_STDLIB_H 1
| #define HAVE_STRING_H 1
| #define HAVE_STDINT_H 1
| #define HAVE_SYS_PARAM_H 1
| #define HAVE_SYS_TIME_H 1
| #define HAVE_SYS_TIMES_H 1
| #define HAVE_UNISTD_H 1
| #define HAVE_UTIME_H 1
| #define HAVE_ARPA_INET_H 1
| #define HAVE_NETDB_H 1
| #define HAVE_NETINET_IN_H 1
| #define HAVE_SYS_SOCKET_H 1
| #define HAVE_SYS_STAT_H 1
| #define HAVE_SYS_TYPES_H 1
| #define HAVE_SYS_WAIT_H 1
| #define HAVE_SYS_SHM_H 1
| #define HAVE_SYS_IPC_H 1
| #define HAVE_SIGNAL_H 1
| #define HAVE_INT8_T 1
| #define HAVE_INT16_T 1
| #define HAVE_INT32_T 1
| #define HAVE_INT64_T 1
| #define HAVE_INTPTR_T 1
| #define HAVE_UINT8_T 1
| #define HAVE_UINT16_T 1
| #define HAVE_UINT32_T 1
| #define HAVE_UINT64_T 1
| #define HAVE_UINTPTR_T 1
| #define SIZEOF_VOID_P 8
| #define SIZEOF_SHORT_INT 2
| #define SIZEOF_INT 4
| #define SIZEOF_LONG 8
| #define SIZEOF_LONG_LONG 8
| /* end confdefs.h.  */
| #include <sys/socket.h>
| 
| int
| main ()
| {
| if (sizeof ((socklen_t)))
| 	  return 0;
|   ;
|   return 0;
| }
configure:14661: result: yes
configure:14674: checking for socket in -lsocket
configure:14709: gcc -o conftest   -I/usr/include/freetype2 -fno-strict-aliasing -O2 -Wall  -I/usr/include/freetype2  -L/usr/X11R6/lib -Wl,--hash-style=both conftest.c -lsocket  -lXrender -lXext -lX11 -L/usr/lib/x86_64-linux-gnu -lfreetype -lz -lpng12 -lpthread -lrt -ldl -lXft -lfontconfig  >&5
/usr/bin/ld: cannot find -lsocket
collect2: error: ld returned 1 exit status
configure:14716: $? = 1
configure: failed program was:
| /* confdefs.h.  */
| #define PACKAGE_NAME "FOXTESTS"
| #define PACKAGE_TARNAME "foxtests"
| #define PACKAGE_VERSION "1.4.21"
| #define PACKAGE_STRING "FOXTESTS 1.4.21"
| #define PACKAGE_BUGREPORT ""
| #define PACKAGE "foxtests"
| #define VERSION "1.4.21"
| #define HOST_CPU "x86_64"
| #define HOST_VENDOR "unknown"
| #define HOST_OS "linux-gnu"
| #define UNIX 1
| #define HAVE_LIBFONTCONFIG 1
| #define HAVE_LIBXFT 1
| #define STDC_HEADERS 1
| #define HAVE_SYS_TYPES_H 1
| #define HAVE_SYS_STAT_H 1
| #define HAVE_STDLIB_H 1
| #define HAVE_STRING_H 1
| #define HAVE_MEMORY_H 1
| #define HAVE_STRINGS_H 1
| #define HAVE_INTTYPES_H 1
| #define HAVE_STDINT_H 1
| #define HAVE_UNISTD_H 1
| #define HAVE_LIBXFT 1
| #define HAVE_LIBDL 1
| #define HAVE_LIBRT 1
| #define HAVE_LIBPTHREAD 1
| #define HAVE_LIBXRENDER 1
| #define HAVE_ALLOCA_H 1
| #define HAVE_ALLOCA 1
| #define HAVE_DIRENT_H 1
| #define HAVE_SYS_WAIT_H 1
| #define HAVE_FCNTL_H 1
| #define HAVE_FLOAT_H 1
| #define HAVE_MALLOC_H 1
| #define HAVE_MEMORY_H 1
| #define HAVE_STDDEF_H 1
| #define HAVE_STDLIB_H 1
| #define HAVE_STRING_H 1
| #define HAVE_STDINT_H 1
| #define HAVE_SYS_PARAM_H 1
| #define HAVE_SYS_TIME_H 1
| #define HAVE_SYS_TIMES_H 1
| #define HAVE_UNISTD_H 1
| #define HAVE_UTIME_H 1
| #define HAVE_ARPA_INET_H 1
| #define HAVE_NETDB_H 1
| #define HAVE_NETINET_IN_H 1
| #define HAVE_SYS_SOCKET_H 1
| #define HAVE_SYS_STAT_H 1
| #define HAVE_SYS_TYPES_H 1
| #define HAVE_SYS_WAIT_H 1
| #define HAVE_SYS_SHM_H 1
| #define HAVE_SYS_IPC_H 1
| #define HAVE_SIGNAL_H 1
| #define HAVE_INT8_T 1
| #define HAVE_INT16_T 1
| #define HAVE_INT32_T 1
| #define HAVE_INT64_T 1
| #define HAVE_INTPTR_T 1
| #define HAVE_UINT8_T 1
| #define HAVE_UINT16_T 1
| #define HAVE_UINT32_T 1
| #define HAVE_UINT64_T 1
| #define HAVE_UINTPTR_T 1
| #define SIZEOF_VOID_P 8
| #define SIZEOF_SHORT_INT 2
| #define SIZEOF_INT 4
| #define SIZEOF_LONG 8
| #define SIZEOF_LONG_LONG 8
| #define HAVE_SOCKLEN_T 1
| /* end confdefs.h.  */
| 
| /* Override any GCC internal prototype to avoid an error.
|    Use char because int might match the return type of a GCC
|    builtin and then its argument prototype would still apply.  */
| #ifdef __cplusplus
| extern "C"
| #endif
| char socket ();
| int
| main ()
| {
| return socket ();
|   ;
|   return 0;
| }
configure:14737: result: no
configure:14749: checking for gethostbyname in -lnsl
configure:14784: gcc -o conftest   -I/usr/include/freetype2 -fno-strict-aliasing -O2 -Wall  -I/usr/include/freetype2  -L/usr/X11R6/lib -Wl,--hash-style=both conftest.c -lnsl  -lXrender -lXext -lX11 -L/usr/lib/x86_64-linux-gnu -lfreetype -lz -lpng12 -lpthread -lrt -ldl -lXft -lfontconfig  >&5
configure:14791: $? = 0
configure:14812: result: yes
configure:14825: checking whether closedir returns void
configure:14859: gcc -o conftest   -I/usr/include/freetype2 -fno-strict-aliasing -O2 -Wall  -I/usr/include/freetype2  -L/usr/X11R6/lib -Wl,--hash-style=both conftest.c -lnsl -lXrender -lXext -lX11 -L/usr/lib/x86_64-linux-gnu -lfreetype -lz -lpng12 -lpthread -lrt -ldl -lXft -lfontconfig  >&5
configure:14863: $? = 0
configure:14869: ./conftest
configure:14873: $? = 0
configure:14890: result: no
configure:14900: checking for error_at_line
configure:14926: gcc -o conftest   -I/usr/include/freetype2 -fno-strict-aliasing -O2 -Wall  -I/usr/include/freetype2  -L/usr/X11R6/lib -Wl,--hash-style=both conftest.c -lnsl -lXrender -lXext -lX11 -L/usr/lib/x86_64-linux-gnu -lfreetype -lz -lpng12 -lpthread -lrt -ldl -lXft -lfontconfig  >&5
configure:14933: $? = 0
configure:14953: result: yes
configure:14964: checking whether lstat dereferences a symlink specified with a trailing slash
configure:15000: gcc -o conftest   -I/usr/include/freetype2 -fno-strict-aliasing -O2 -Wall  -I/usr/include/freetype2  -L/usr/X11R6/lib -Wl,--hash-style=both conftest.c -lnsl -lXrender -lXext -lX11 -L/usr/lib/x86_64-linux-gnu -lfreetype -lz -lpng12 -lpthread -lrt -ldl -lXft -lfontconfig  >&5
configure:15004: $? = 0
configure:15010: ./conftest
configure:15014: $? = 0
configure:15038: result: yes
configure:15057: checking whether lstat accepts an empty string
configure:15087: gcc -o conftest   -I/usr/include/freetype2 -fno-strict-aliasing -O2 -Wall  -I/usr/include/freetype2  -L/usr/X11R6/lib -Wl,--hash-style=both conftest.c -lnsl -lXrender -lXext -lX11 -L/usr/lib/x86_64-linux-gnu -lfreetype -lz -lpng12 -lpthread -lrt -ldl -lXft -lfontconfig  >&5
configure:15091: $? = 0
configure:15097: ./conftest
configure:15101: $? = 0
configure:15118: result: no
configure:15134: checking whether lstat dereferences a symlink specified with a trailing slash
configure:15208: result: yes
configure:15228: checking for working memcmp
configure:15281: gcc -o conftest   -I/usr/include/freetype2 -fno-strict-aliasing -O2 -Wall  -I/usr/include/freetype2  -L/usr/X11R6/lib -Wl,--hash-style=both conftest.c -lnsl -lXrender -lXext -lX11 -L/usr/lib/x86_64-linux-gnu -lfreetype -lz -lpng12 -lpthread -lrt -ldl -lXft -lfontconfig  >&5
configure:15285: $? = 0
configure:15291: ./conftest
configure:15295: $? = 0
configure:15312: result: yes
configure:15330: checking return type of signal handlers
configure:15358: gcc -c   -I/usr/include/freetype2 -fno-strict-aliasing -O2 -Wall  -I/usr/include/freetype2 conftest.c >&5
conftest.c: In function 'main':
conftest.c:83:1: error: void value not ignored as it ought to be
 return *(signal (0, 0)) (0) == 1;
 ^
configure:15365: $? = 1
configure: failed program was:
| /* confdefs.h.  */
| #define PACKAGE_NAME "FOXTESTS"
| #define PACKAGE_TARNAME "foxtests"
| #define PACKAGE_VERSION "1.4.21"
| #define PACKAGE_STRING "FOXTESTS 1.4.21"
| #define PACKAGE_BUGREPORT ""
| #define PACKAGE "foxtests"
| #define VERSION "1.4.21"
| #define HOST_CPU "x86_64"
| #define HOST_VENDOR "unknown"
| #define HOST_OS "linux-gnu"
| #define UNIX 1
| #define HAVE_LIBFONTCONFIG 1
| #define HAVE_LIBXFT 1
| #define STDC_HEADERS 1
| #define HAVE_SYS_TYPES_H 1
| #define HAVE_SYS_STAT_H 1
| #define HAVE_STDLIB_H 1
| #define HAVE_STRING_H 1
| #define HAVE_MEMORY_H 1
| #define HAVE_STRINGS_H 1
| #define HAVE_INTTYPES_H 1
| #define HAVE_STDINT_H 1
| #define HAVE_UNISTD_H 1
| #define HAVE_LIBXFT 1
| #define HAVE_LIBDL 1
| #define HAVE_LIBRT 1
| #define HAVE_LIBPTHREAD 1
| #define HAVE_LIBXRENDER 1
| #define HAVE_ALLOCA_H 1
| #define HAVE_ALLOCA 1
| #define HAVE_DIRENT_H 1
| #define HAVE_SYS_WAIT_H 1
| #define HAVE_FCNTL_H 1
| #define HAVE_FLOAT_H 1
| #define HAVE_MALLOC_H 1
| #define HAVE_MEMORY_H 1
| #define HAVE_STDDEF_H 1
| #define HAVE_STDLIB_H 1
| #define HAVE_STRING_H 1
| #define HAVE_STDINT_H 1
| #define HAVE_SYS_PARAM_H 1
| #define HAVE_SYS_TIME_H 1
| #define HAVE_SYS_TIMES_H 1
| #define HAVE_UNISTD_H 1
| #define HAVE_UTIME_H 1
| #define HAVE_ARPA_INET_H 1
| #define HAVE_NETDB_H 1
| #define HAVE_NETINET_IN_H 1
| #define HAVE_SYS_SOCKET_H 1
| #define HAVE_SYS_STAT_H 1
| #define HAVE_SYS_TYPES_H 1
| #define HAVE_SYS_WAIT_H 1
| #define HAVE_SYS_SHM_H 1
| #define HAVE_SYS_IPC_H 1
| #define HAVE_SIGNAL_H 1
| #define HAVE_INT8_T 1
| #define HAVE_INT16_T 1
| #define HAVE_INT32_T 1
| #define HAVE_INT64_T 1
| #define HAVE_INTPTR_T 1
| #define HAVE_UINT8_T 1
| #define HAVE_UINT16_T 1
| #define HAVE_UINT32_T 1
| #define HAVE_UINT64_T 1
| #define HAVE_UINTPTR_T 1
| #define SIZEOF_VOID_P 8
| #define SIZEOF_SHORT_INT 2
| #define SIZEOF_INT 4
| #define SIZEOF_LONG 8
| #define SIZEOF_LONG_LONG 8
| #define HAVE_SOCKLEN_T 1
| #define HAVE_LIBNSL 1
| #define LSTAT_FOLLOWS_SLASHED_SYMLINK 1
| #define LSTAT_FOLLOWS_SLASHED_SYMLINK 1
| /* end confdefs.h.  */
| #include <sys/types.h>
| #include <signal.h>
| 
| int
| main ()
| {
| return *(signal (0, 0)) (0) == 1;
|   ;
|   return 0;
| }
configure:15380: result: void
configure:15388: checking whether stat accepts an empty string
configure:15418: gcc -o conftest   -I/usr/include/freetype2 -fno-strict-aliasing -O2 -Wall  -I/usr/include/freetype2  -L/usr/X11R6/lib -Wl,--hash-style=both conftest.c -lnsl -lXrender -lXext -lX11 -L/usr/lib/x86_64-linux-gnu -lfreetype -lz -lpng12 -lpthread -lrt -ldl -lXft -lfontconfig  >&5
configure:15422: $? = 0
configure:15428: ./conftest
configure:15432: $? = 0
configure:15449: result: no
configure:15473: checking for utime.h
configure:15480: result: yes
configure:15622: checking whether utime accepts a null argument
configure:15661: gcc -o conftest   -I/usr/include/freetype2 -fno-strict-aliasing -O2 -Wall  -I/usr/include/freetype2  -L/usr/X11R6/lib -Wl,--hash-style=both conftest.c -lnsl -lXrender -lXext -lX11 -L/usr/lib/x86_64-linux-gnu -lfreetype -lz -lpng12 -lpthread -lrt -ldl -lXft -lfontconfig  >&5
configure:15665: $? = 0
configure:15671: ./conftest
configure:15675: $? = 0
configure:15692: result: yes
configure:15707: checking for vprintf
configure:15763: gcc -o conftest   -I/usr/include/freetype2 -fno-strict-aliasing -O2 -Wall  -I/usr/include/freetype2  -L/usr/X11R6/lib -Wl,--hash-style=both conftest.c -lnsl -lXrender -lXext -lX11 -L/usr/lib/x86_64-linux-gnu -lfreetype -lz -lpng12 -lpthread -lrt -ldl -lXft -lfontconfig  >&5
conftest.c:103:6: warning: conflicting types for built-in function 'vprintf' [enabled by default]
 char vprintf ();
      ^
configure:15770: $? = 0
configure:15792: result: yes
configure:15801: checking for _doprnt
configure:15857: gcc -o conftest   -I/usr/include/freetype2 -fno-strict-aliasing -O2 -Wall  -I/usr/include/freetype2  -L/usr/X11R6/lib -Wl,--hash-style=both conftest.c -lnsl -lXrender -lXext -lX11 -L/usr/lib/x86_64-linux-gnu -lfreetype -lz -lpng12 -lpthread -lrt -ldl -lXft -lfontconfig  >&5
/tmp/ccF9sa4Z.o: In function `main':
conftest.c:(.text.startup+0x7): undefined reference to `_doprnt'
collect2: error: ld returned 1 exit status
configure:15864: $? = 1
configure: failed program was:
| /* confdefs.h.  */
| #define PACKAGE_NAME "FOXTESTS"
| #define PACKAGE_TARNAME "foxtests"
| #define PACKAGE_VERSION "1.4.21"
| #define PACKAGE_STRING "FOXTESTS 1.4.21"
| #define PACKAGE_BUGREPORT ""
| #define PACKAGE "foxtests"
| #define VERSION "1.4.21"
| #define HOST_CPU "x86_64"
| #define HOST_VENDOR "unknown"
| #define HOST_OS "linux-gnu"
| #define UNIX 1
| #define HAVE_LIBFONTCONFIG 1
| #define HAVE_LIBXFT 1
| #define STDC_HEADERS 1
| #define HAVE_SYS_TYPES_H 1
| #define HAVE_SYS_STAT_H 1
| #define HAVE_STDLIB_H 1
| #define HAVE_STRING_H 1
| #define HAVE_MEMORY_H 1
| #define HAVE_STRINGS_H 1
| #define HAVE_INTTYPES_H 1
| #define HAVE_STDINT_H 1
| #define HAVE_UNISTD_H 1
| #define HAVE_LIBXFT 1
| #define HAVE_LIBDL 1
| #define HAVE_LIBRT 1
| #define HAVE_LIBPTHREAD 1
| #define HAVE_LIBXRENDER 1
| #define HAVE_ALLOCA_H 1
| #define HAVE_ALLOCA 1
| #define HAVE_DIRENT_H 1
| #define HAVE_SYS_WAIT_H 1
| #define HAVE_FCNTL_H 1
| #define HAVE_FLOAT_H 1
| #define HAVE_MALLOC_H 1
| #define HAVE_MEMORY_H 1
| #define HAVE_STDDEF_H 1
| #define HAVE_STDLIB_H 1
| #define HAVE_STRING_H 1
| #define HAVE_STDINT_H 1
| #define HAVE_SYS_PARAM_H 1
| #define HAVE_SYS_TIME_H 1
| #define HAVE_SYS_TIMES_H 1
| #define HAVE_UNISTD_H 1
| #define HAVE_UTIME_H 1
| #define HAVE_ARPA_INET_H 1
| #define HAVE_NETDB_H 1
| #define HAVE_NETINET_IN_H 1
| #define HAVE_SYS_SOCKET_H 1
| #define HAVE_SYS_STAT_H 1
| #define HAVE_SYS_TYPES_H 1
| #define HAVE_SYS_WAIT_H 1
| #define HAVE_SYS_SHM_H 1
| #define HAVE_SYS_IPC_H 1
| #define HAVE_SIGNAL_H 1
| #define HAVE_INT8_T 1
| #define HAVE_INT16_T 1
| #define HAVE_INT32_T 1
| #define HAVE_INT64_T 1
| #define HAVE_INTPTR_T 1
| #define HAVE_UINT8_T 1
| #define HAVE_UINT16_T 1
| #define HAVE_UINT32_T 1
| #define HAVE_UINT64_T 1
| #define HAVE_UINTPTR_T 1
| #define SIZEOF_VOID_P 8
| #define SIZEOF_SHORT_INT 2
| #define SIZEOF_INT 4
| #define SIZEOF_LONG 8
| #define SIZEOF_LONG_LONG 8
| #define HAVE_SOCKLEN_T 1
| #define HAVE_LIBNSL 1
| #define LSTAT_FOLLOWS_SLASHED_SYMLINK 1
| #define LSTAT_FOLLOWS_SLASHED_SYMLINK 1
| #define RETSIGTYPE void
| #define HAVE_UTIME_H 1
| #define HAVE_UTIME_NULL 1
| #define HAVE_VPRINTF 1
| /* end confdefs.h.  */
| /* Define _doprnt to an innocuous variant, in case <limits.h> declares _doprnt.
|    For example, HP-UX 11i <limits.h> declares gettimeofday.  */
| #define _doprnt innocuous__doprnt
| 
| /* System header to define __stub macros and hopefully few prototypes,
|     which can conflict with char _doprnt (); below.
|     Prefer <limits.h> to <assert.h> if __STDC__ is defined, since
|     <limits.h> exists even on freestanding compilers.  */
| 
| #ifdef __STDC__
| # include <limits.h>
| #else
| # include <assert.h>
| #endif
| 
| #undef _doprnt
| 
| /* Override any GCC internal prototype to avoid an error.
|    Use char because int might match the return type of a GCC
|    builtin and then its argument prototype would still apply.  */
| #ifdef __cplusplus
| extern "C"
| #endif
| char _doprnt ();
| /* The GNU C library defines this for functions which it implements
|     to always fail with ENOSYS.  Some functions are actually named
|     something starting with __ and the normal name is an alias.  */
| #if defined __stub__doprnt || defined __stub____doprnt
| choke me
| #endif
| 
| int
| main ()
| {
| return _doprnt ();
|   ;
|   return 0;
| }
configure:15884: result: no
configure:15907: checking for atexit
configure:15963: gcc -o conftest   -I/usr/include/freetype2 -fno-strict-aliasing -O2 -Wall  -I/usr/include/freetype2  -L/usr/X11R6/lib -Wl,--hash-style=both conftest.c -lnsl -lXrender -lXext -lX11 -L/usr/lib/x86_64-linux-gnu -lfreetype -lz -lpng12 -lpthread -lrt -ldl -lXft -lfontconfig  >&5
configure:15970: $? = 0
configure:15992: result: yes
configure:15907: checking for ftruncate
configure:15963: gcc -o conftest   -I/usr/include/freetype2 -fno-strict-aliasing -O2 -Wall  -I/usr/include/freetype2  -L/usr/X11R6/lib -Wl,--hash-style=both conftest.c -lnsl -lXrender -lXext -lX11 -L/usr/lib/x86_64-linux-gnu -lfreetype -lz -lpng12 -lpthread -lrt -ldl -lXft -lfontconfig  >&5
configure:15970: $? = 0
configure:15992: result: yes
configure:15907: checking for getcwd
configure:15963: gcc -o conftest   -I/usr/include/freetype2 -fno-strict-aliasing -O2 -Wall  -I/usr/include/freetype2  -L/usr/X11R6/lib -Wl,--hash-style=both conftest.c -lnsl -lXrender -lXext -lX11 -L/usr/lib/x86_64-linux-gnu -lfreetype -lz -lpng12 -lpthread -lrt -ldl -lXft -lfontconfig  >&5
configure:15970: $? = 0
configure:15992: result: yes
configure:15907: checking for gethostbyaddr
configure:15963: gcc -o conftest   -I/usr/include/freetype2 -fno-strict-aliasing -O2 -Wall  -I/usr/include/freetype2  -L/usr/X11R6/lib -Wl,--hash-style=both conftest.c -lnsl -lXrender -lXext -lX11 -L/usr/lib/x86_64-linux-gnu -lfreetype -lz -lpng12 -lpthread -lrt -ldl -lXft -lfontconfig  >&5
configure:15970: $? = 0
configure:15992: result: yes
configure:15907: checking for gethostbyname
configure:15963: gcc -o conftest   -I/usr/include/freetype2 -fno-strict-aliasing -O2 -Wall  -I/usr/include/freetype2  -L/usr/X11R6/lib -Wl,--hash-style=both conftest.c -lnsl -lXrender -lXext -lX11 -L/usr/lib/x86_64-linux-gnu -lfreetype -lz -lpng12 -lpthread -lrt -ldl -lXft -lfontconfig  >&5
configure:15970: $? = 0
configure:15992: result: yes
configure:15907: checking for inet_ntoa
configure:15963: gcc -o conftest   -I/usr/include/freetype2 -fno-strict-aliasing -O2 -Wall  -I/usr/include/freetype2  -L/usr/X11R6/lib -Wl,--hash-style=both conftest.c -lnsl -lXrender -lXext -lX11 -L/usr/lib/x86_64-linux-gnu -lfreetype -lz -lpng12 -lpthread -lrt -ldl -lXft -lfontconfig  >&5
configure:15970: $? = 0
configure:15992: result: yes
configure:16016: checking for memmove
configure:16072: gcc -o conftest   -I/usr/include/freetype2 -fno-strict-aliasing -O2 -Wall  -I/usr/include/freetype2  -L/usr/X11R6/lib -Wl,--hash-style=both conftest.c -lnsl -lXrender -lXext -lX11 -L/usr/lib/x86_64-linux-gnu -lfreetype -lz -lpng12 -lpthread -lrt -ldl -lXft -lfontconfig  >&5
conftest.c:110:6: warning: conflicting types for built-in function 'memmove' [enabled by default]
 char memmove ();
      ^
configure:16079: $? = 0
configure:16101: result: yes
configure:16016: checking for memset
configure:16072: gcc -o conftest   -I/usr/include/freetype2 -fno-strict-aliasing -O2 -Wall  -I/usr/include/freetype2  -L/usr/X11R6/lib -Wl,--hash-style=both conftest.c -lnsl -lXrender -lXext -lX11 -L/usr/lib/x86_64-linux-gnu -lfreetype -lz -lpng12 -lpthread -lrt -ldl -lXft -lfontconfig  >&5
conftest.c:111:6: warning: conflicting types for built-in function 'memset' [enabled by default]
 char memset ();
      ^
configure:16079: $? = 0
configure:16101: result: yes
configure:16016: checking for mkdir
configure:16072: gcc -o conftest   -I/usr/include/freetype2 -fno-strict-aliasing -O2 -Wall  -I/usr/include/freetype2  -L/usr/X11R6/lib -Wl,--hash-style=both conftest.c -lnsl -lXrender -lXext -lX11 -L/usr/lib/x86_64-linux-gnu -lfreetype -lz -lpng12 -lpthread -lrt -ldl -lXft -lfontconfig  >&5
configure:16079: $? = 0
configure:16101: result: yes
configure:16016: checking for pow
configure:16072: gcc -o conftest   -I/usr/include/freetype2 -fno-strict-aliasing -O2 -Wall  -I/usr/include/freetype2  -L/usr/X11R6/lib -Wl,--hash-style=both conftest.c -lnsl -lXrender -lXext -lX11 -L/usr/lib/x86_64-linux-gnu -lfreetype -lz -lpng12 -lpthread -lrt -ldl -lXft -lfontconfig  >&5
conftest.c:113:6: warning: conflicting types for built-in function 'pow' [enabled by default]
 char pow ();
      ^
/tmp/cc1VhVGo.o: In function `main':
conftest.c:(.text.startup+0x7): undefined reference to `pow'
collect2: error: ld returned 1 exit status
configure:16079: $? = 1
configure: failed program was:
| /* confdefs.h.  */
| #define PACKAGE_NAME "FOXTESTS"
| #define PACKAGE_TARNAME "foxtests"
| #define PACKAGE_VERSION "1.4.21"
| #define PACKAGE_STRING "FOXTESTS 1.4.21"
| #define PACKAGE_BUGREPORT ""
| #define PACKAGE "foxtests"
| #define VERSION "1.4.21"
| #define HOST_CPU "x86_64"
| #define HOST_VENDOR "unknown"
| #define HOST_OS "linux-gnu"
| #define UNIX 1
| #define HAVE_LIBFONTCONFIG 1
| #define HAVE_LIBXFT 1
| #define STDC_HEADERS 1
| #define HAVE_SYS_TYPES_H 1
| #define HAVE_SYS_STAT_H 1
| #define HAVE_STDLIB_H 1
| #define HAVE_STRING_H 1
| #define HAVE_MEMORY_H 1
| #define HAVE_STRINGS_H 1
| #define HAVE_INTTYPES_H 1
| #define HAVE_STDINT_H 1
| #define HAVE_UNISTD_H 1
| #define HAVE_LIBXFT 1
| #define HAVE_LIBDL 1
| #define HAVE_LIBRT 1
| #define HAVE_LIBPTHREAD 1
| #define HAVE_LIBXRENDER 1
| #define HAVE_ALLOCA_H 1
| #define HAVE_ALLOCA 1
| #define HAVE_DIRENT_H 1
| #define HAVE_SYS_WAIT_H 1
| #define HAVE_FCNTL_H 1
| #define HAVE_FLOAT_H 1
| #define HAVE_MALLOC_H 1
| #define HAVE_MEMORY_H 1
| #define HAVE_STDDEF_H 1
| #define HAVE_STDLIB_H 1
| #define HAVE_STRING_H 1
| #define HAVE_STDINT_H 1
| #define HAVE_SYS_PARAM_H 1
| #define HAVE_SYS_TIME_H 1
| #define HAVE_SYS_TIMES_H 1
| #define HAVE_UNISTD_H 1
| #define HAVE_UTIME_H 1
| #define HAVE_ARPA_INET_H 1
| #define HAVE_NETDB_H 1
| #define HAVE_NETINET_IN_H 1
| #define HAVE_SYS_SOCKET_H 1
| #define HAVE_SYS_STAT_H 1
| #define HAVE_SYS_TYPES_H 1
| #define HAVE_SYS_WAIT_H 1
| #define HAVE_SYS_SHM_H 1
| #define HAVE_SYS_IPC_H 1
| #define HAVE_SIGNAL_H 1
| #define HAVE_INT8_T 1
| #define HAVE_INT16_T 1
| #define HAVE_INT32_T 1
| #define HAVE_INT64_T 1
| #define HAVE_INTPTR_T 1
| #define HAVE_UINT8_T 1
| #define HAVE_UINT16_T 1
| #define HAVE_UINT32_T 1
| #define HAVE_UINT64_T 1
| #define HAVE_UINTPTR_T 1
| #define SIZEOF_VOID_P 8
| #define SIZEOF_SHORT_INT 2
| #define SIZEOF_INT 4
| #define SIZEOF_LONG 8
| #define SIZEOF_LONG_LONG 8
| #define HAVE_SOCKLEN_T 1
| #define HAVE_LIBNSL 1
| #define LSTAT_FOLLOWS_SLASHED_SYMLINK 1
| #define LSTAT_FOLLOWS_SLASHED_SYMLINK 1
| #define RETSIGTYPE void
| #define HAVE_UTIME_H 1
| #define HAVE_UTIME_NULL 1
| #define HAVE_VPRINTF 1
| #define HAVE_ATEXIT 1
| #define HAVE_FTRUNCATE 1
| #define HAVE_GETCWD 1
| #define HAVE_GETHOSTBYADDR 1
| #define HAVE_GETHOSTBYNAME 1
| #define HAVE_INET_NTOA 1
| #define HAVE_MEMMOVE 1
| #define HAVE_MEMSET 1
| #define HAVE_MKDIR 1
| /* end confdefs.h.  */
| /* Define pow to an innocuous variant, in case <limits.h> declares pow.
|    For example, HP-UX 11i <limits.h> declares gettimeofday.  */
| #define pow innocuous_pow
| 
| /* System header to define __stub macros and hopefully few prototypes,
|     which can conflict with char pow (); below.
|     Prefer <limits.h> to <assert.h> if __STDC__ is defined, since
|     <limits.h> exists even on freestanding compilers.  */
| 
| #ifdef __STDC__
| # include <limits.h>
| #else
| # include <assert.h>
| #endif
| 
| #undef pow
| 
| /* Override any GCC internal prototype to avoid an error.
|    Use char because int might match the return type of a GCC
|    builtin and then its argument prototype would still apply.  */
| #ifdef __cplusplus
| extern "C"
| #endif
| char pow ();
| /* The GNU C library defines this for functions which it implements
|     to always fail with ENOSYS.  Some functions are actually named
|     something starting with __ and the normal name is an alias.  */
| #if defined __stub_pow || defined __stub___pow
| choke me
| #endif
| 
| int
| main ()
| {
| return pow ();
|   ;
|   return 0;
| }
configure:16101: result: no
configure:16016: checking for rmdir
configure:16072: gcc -o conftest   -I/usr/include/freetype2 -fno-strict-aliasing -O2 -Wall  -I/usr/include/freetype2  -L/usr/X11R6/lib -Wl,--hash-style=both conftest.c -lnsl -lXrender -lXext -lX11 -L/usr/lib/x86_64-linux-gnu -lfreetype -lz -lpng12 -lpthread -lrt -ldl -lXft -lfontconfig  >&5
configure:16079: $? = 0
configure:16101: result: yes
configure:16016: checking for socket
configure:16072: gcc -o conftest   -I/usr/include/freetype2 -fno-strict-aliasing -O2 -Wall  -I/usr/include/freetype2  -L/usr/X11R6/lib -Wl,--hash-style=both conftest.c -lnsl -lXrender -lXext -lX11 -L/usr/lib/x86_64-linux-gnu -lfreetype -lz -lpng12 -lpthread -lrt -ldl -lXft -lfontconfig  >&5
configure:16079: $? = 0
configure:16101: result: yes
configure:16016: checking for sqrt
configure:16072: gcc -o conftest   -I/usr/include/freetype2 -fno-strict-aliasing -O2 -Wall  -I/usr/include/freetype2  -L/usr/X11R6/lib -Wl,--hash-style=both conftest.c -lnsl -lXrender -lXext -lX11 -L/usr/lib/x86_64-linux-gnu -lfreetype -lz -lpng12 -lpthread -lrt -ldl -lXft -lfontconfig  >&5
conftest.c:115:6: warning: conflicting types for built-in function 'sqrt' [enabled by default]
 char sqrt ();
      ^
/tmp/ccde1cOx.o: In function `main':
conftest.c:(.text.startup+0x7): undefined reference to `sqrt'
collect2: error: ld returned 1 exit status
configure:16079: $? = 1
configure: failed program was:
| /* confdefs.h.  */
| #define PACKAGE_NAME "FOXTESTS"
| #define PACKAGE_TARNAME "foxtests"
| #define PACKAGE_VERSION "1.4.21"
| #define PACKAGE_STRING "FOXTESTS 1.4.21"
| #define PACKAGE_BUGREPORT ""
| #define PACKAGE "foxtests"
| #define VERSION "1.4.21"
| #define HOST_CPU "x86_64"
| #define HOST_VENDOR "unknown"
| #define HOST_OS "linux-gnu"
| #define UNIX 1
| #define HAVE_LIBFONTCONFIG 1
| #define HAVE_LIBXFT 1
| #define STDC_HEADERS 1
| #define HAVE_SYS_TYPES_H 1
| #define HAVE_SYS_STAT_H 1
| #define HAVE_STDLIB_H 1
| #define HAVE_STRING_H 1
| #define HAVE_MEMORY_H 1
| #define HAVE_STRINGS_H 1
| #define HAVE_INTTYPES_H 1
| #define HAVE_STDINT_H 1
| #define HAVE_UNISTD_H 1
| #define HAVE_LIBXFT 1
| #define HAVE_LIBDL 1
| #define HAVE_LIBRT 1
| #define HAVE_LIBPTHREAD 1
| #define HAVE_LIBXRENDER 1
| #define HAVE_ALLOCA_H 1
| #define HAVE_ALLOCA 1
| #define HAVE_DIRENT_H 1
| #define HAVE_SYS_WAIT_H 1
| #define HAVE_FCNTL_H 1
| #define HAVE_FLOAT_H 1
| #define HAVE_MALLOC_H 1
| #define HAVE_MEMORY_H 1
| #define HAVE_STDDEF_H 1
| #define HAVE_STDLIB_H 1
| #define HAVE_STRING_H 1
| #define HAVE_STDINT_H 1
| #define HAVE_SYS_PARAM_H 1
| #define HAVE_SYS_TIME_H 1
| #define HAVE_SYS_TIMES_H 1
| #define HAVE_UNISTD_H 1
| #define HAVE_UTIME_H 1
| #define HAVE_ARPA_INET_H 1
| #define HAVE_NETDB_H 1
| #define HAVE_NETINET_IN_H 1
| #define HAVE_SYS_SOCKET_H 1
| #define HAVE_SYS_STAT_H 1
| #define HAVE_SYS_TYPES_H 1
| #define HAVE_SYS_WAIT_H 1
| #define HAVE_SYS_SHM_H 1
| #define HAVE_SYS_IPC_H 1
| #define HAVE_SIGNAL_H 1
| #define HAVE_INT8_T 1
| #define HAVE_INT16_T 1
| #define HAVE_INT32_T 1
| #define HAVE_INT64_T 1
| #define HAVE_INTPTR_T 1
| #define HAVE_UINT8_T 1
| #define HAVE_UINT16_T 1
| #define HAVE_UINT32_T 1
| #define HAVE_UINT64_T 1
| #define HAVE_UINTPTR_T 1
| #define SIZEOF_VOID_P 8
| #define SIZEOF_SHORT_INT 2
| #define SIZEOF_INT 4
| #define SIZEOF_LONG 8
| #define SIZEOF_LONG_LONG 8
| #define HAVE_SOCKLEN_T 1
| #define HAVE_LIBNSL 1
| #define LSTAT_FOLLOWS_SLASHED_SYMLINK 1
| #define LSTAT_FOLLOWS_SLASHED_SYMLINK 1
| #define RETSIGTYPE void
| #define HAVE_UTIME_H 1
| #define HAVE_UTIME_NULL 1
| #define HAVE_VPRINTF 1
| #define HAVE_ATEXIT 1
| #define HAVE_FTRUNCATE 1
| #define HAVE_GETCWD 1
| #define HAVE_GETHOSTBYADDR 1
| #define HAVE_GETHOSTBYNAME 1
| #define HAVE_INET_NTOA 1
| #define HAVE_MEMMOVE 1
| #define HAVE_MEMSET 1
| #define HAVE_MKDIR 1
| #define HAVE_RMDIR 1
| #define HAVE_SOCKET 1
| /* end confdefs.h.  */
| /* Define sqrt to an innocuous variant, in case <limits.h> declares sqrt.
|    For example, HP-UX 11i <limits.h> declares gettimeofday.  */
| #define sqrt innocuous_sqrt
| 
| /* System header to define __stub macros and hopefully few prototypes,
|     which can conflict with char sqrt (); below.
|     Prefer <limits.h> to <assert.h> if __STDC__ is defined, since
|     <limits.h> exists even on freestanding compilers.  */
| 
| #ifdef __STDC__
| # include <limits.h>
| #else
| # include <assert.h>
| #endif
| 
| #undef sqrt
| 
| /* Override any GCC internal prototype to avoid an error.
|    Use char because int might match the return type of a GCC
|    builtin and then its argument prototype would still apply.  */
| #ifdef __cplusplus
| extern "C"
| #endif
| char sqrt ();
| /* The GNU C library defines this for functions which it implements
|     to always fail with ENOSYS.  Some functions are actually named
|     something starting with __ and the normal name is an alias.  */
| #if defined __stub_sqrt || defined __stub___sqrt
| choke me
| #endif
| 
| int
| main ()
| {
| return sqrt ();
|   ;
|   return 0;
| }
configure:16101: result: no
configure:16016: checking for strchr
configure:16072: gcc -o conftest   -I/usr/include/freetype2 -fno-strict-aliasing -O2 -Wall  -I/usr/include/freetype2  -L/usr/X11R6/lib -Wl,--hash-style=both conftest.c -lnsl -lXrender -lXext -lX11 -L/usr/lib/x86_64-linux-gnu -lfreetype -lz -lpng12 -lpthread -lrt -ldl -lXft -lfontconfig  >&5
conftest.c:115:6: warning: conflicting types for built-in function 'strchr' [enabled by default]
 char strchr ();
      ^
configure:16079: $? = 0
configure:16101: result: yes
configure:16016: checking for strdup
configure:16072: gcc -o conftest   -I/usr/include/freetype2 -fno-strict-aliasing -O2 -Wall  -I/usr/include/freetype2  -L/usr/X11R6/lib -Wl,--hash-style=both conftest.c -lnsl -lXrender -lXext -lX11 -L/usr/lib/x86_64-linux-gnu -lfreetype -lz -lpng12 -lpthread -lrt -ldl -lXft -lfontconfig  >&5
conftest.c:116:6: warning: conflicting types for built-in function 'strdup' [enabled by default]
 char strdup ();
      ^
configure:16079: $? = 0
configure:16101: result: yes
configure:16120: checking for strrchr
configure:16176: gcc -o conftest   -I/usr/include/freetype2 -fno-strict-aliasing -O2 -Wall  -I/usr/include/freetype2  -L/usr/X11R6/lib -Wl,--hash-style=both conftest.c -lnsl -lXrender -lXext -lX11 -L/usr/lib/x86_64-linux-gnu -lfreetype -lz -lpng12 -lpthread -lrt -ldl -lXft -lfontconfig  >&5
conftest.c:117:6: warning: conflicting types for built-in function 'strrchr' [enabled by default]
 char strrchr ();
      ^
configure:16183: $? = 0
configure:16205: result: yes
configure:16120: checking for strstr
configure:16176: gcc -o conftest   -I/usr/include/freetype2 -fno-strict-aliasing -O2 -Wall  -I/usr/include/freetype2  -L/usr/X11R6/lib -Wl,--hash-style=both conftest.c -lnsl -lXrender -lXext -lX11 -L/usr/lib/x86_64-linux-gnu -lfreetype -lz -lpng12 -lpthread -lrt -ldl -lXft -lfontconfig  >&5
conftest.c:118:6: warning: conflicting types for built-in function 'strstr' [enabled by default]
 char strstr ();
      ^
configure:16183: $? = 0
configure:16205: result: yes
configure:16120: checking for utime
configure:16176: gcc -o conftest   -I/usr/include/freetype2 -fno-strict-aliasing -O2 -Wall  -I/usr/include/freetype2  -L/usr/X11R6/lib -Wl,--hash-style=both conftest.c -lnsl -lXrender -lXext -lX11 -L/usr/lib/x86_64-linux-gnu -lfreetype -lz -lpng12 -lpthread -lrt -ldl -lXft -lfontconfig  >&5
configure:16183: $? = 0
configure:16205: result: yes
configure:16120: checking for popen
configure:16176: gcc -o conftest   -I/usr/include/freetype2 -fno-strict-aliasing -O2 -Wall  -I/usr/include/freetype2  -L/usr/X11R6/lib -Wl,--hash-style=both conftest.c -lnsl -lXrender -lXext -lX11 -L/usr/lib/x86_64-linux-gnu -lfreetype -lz -lpng12 -lpthread -lrt -ldl -lXft -lfontconfig  >&5
configure:16183: $? = 0
configure:16205: result: yes
configure:16227: checking for fork
configure:16283: gcc -o conftest   -I/usr/include/freetype2 -fno-strict-aliasing -O2 -Wall  -I/usr/include/freetype2  -L/usr/X11R6/lib -Wl,--hash-style=both conftest.c -lnsl -lXrender -lXext -lX11 -L/usr/lib/x86_64-linux-gnu -lfreetype -lz -lpng12 -lpthread -lrt -ldl -lXft -lfontconfig  >&5
conftest.c:121:6: warning: conflicting types for built-in function 'fork' [enabled by default]
 char fork ();
      ^
configure:16290: $? = 0
configure:16312: result: yes
configure:16227: checking for wait
configure:16283: gcc -o conftest   -I/usr/include/freetype2 -fno-strict-aliasing -O2 -Wall  -I/usr/include/freetype2  -L/usr/X11R6/lib -Wl,--hash-style=both conftest.c -lnsl -lXrender -lXext -lX11 -L/usr/lib/x86_64-linux-gnu -lfreetype -lz -lpng12 -lpthread -lrt -ldl -lXft -lfontconfig  >&5
configure:16290: $? = 0
configure:16312: result: yes
configure:16227: checking for waitpid
configure:16283: gcc -o conftest   -I/usr/include/freetype2 -fno-strict-aliasing -O2 -Wall  -I/usr/include/freetype2  -L/usr/X11R6/lib -Wl,--hash-style=both conftest.c -lnsl -lXrender -lXext -lX11 -L/usr/lib/x86_64-linux-gnu -lfreetype -lz -lpng12 -lpthread -lrt -ldl -lXft -lfontconfig  >&5
configure:16290: $? = 0
configure:16312: result: yes
configure:16227: checking for shmget
configure:16283: gcc -o conftest   -I/usr/include/freetype2 -fno-strict-aliasing -O2 -Wall  -I/usr/include/freetype2  -L/usr/X11R6/lib -Wl,--hash-style=both conftest.c -lnsl -lXrender -lXext -lX11 -L/usr/lib/x86_64-linux-gnu -lfreetype -lz -lpng12 -lpthread -lrt -ldl -lXft -lfontconfig  >&5
configure:16290: $? = 0
configure:16312: result: yes
configure:16227: checking for shmat
configure:16283: gcc -o conftest   -I/usr/include/freetype2 -fno-strict-aliasing -O2 -Wall  -I/usr/include/freetype2  -L/usr/X11R6/lib -Wl,--hash-style=both conftest.c -lnsl -lXrender -lXext -lX11 -L/usr/lib/x86_64-linux-gnu -lfreetype -lz -lpng12 -lpthread -lrt -ldl -lXft -lfontconfig  >&5
configure:16290: $? = 0
configure:16312: result: yes
configure:16227: checking for shmdt
configure:16283: gcc -o conftest   -I/usr/include/freetype2 -fno-strict-aliasing -O2 -Wall  -I/usr/include/freetype2  -L/usr/X11R6/lib -Wl,--hash-style=both conftest.c -lnsl -lXrender -lXext -lX11 -L/usr/lib/x86_64-linux-gnu -lfreetype -lz -lpng12 -lpthread -lrt -ldl -lXft -lfontconfig  >&5
configure:16290: $? = 0
configure:16312: result: yes
configure:16227: checking for shmctl
configure:16283: gcc -o conftest   -I/usr/include/freetype2 -fno-strict-aliasing -O2 -Wall  -I/usr/include/freetype2  -L/usr/X11R6/lib -Wl,--hash-style=both conftest.c -lnsl -lXrender -lXext -lX11 -L/usr/lib/x86_64-linux-gnu -lfreetype -lz -lpng12 -lpthread -lrt -ldl -lXft -lfontconfig  >&5
configure:16290: $? = 0
configure:16312: result: yes
configure:16328: checking for vsnprintf
configure:16384: gcc -o conftest   -I/usr/include/freetype2 -fno-strict-aliasing -O2 -Wall  -I/usr/include/freetype2  -L/usr/X11R6/lib -Wl,--hash-style=both conftest.c -lnsl -lXrender -lXext -lX11 -L/usr/lib/x86_64-linux-gnu -lfreetype -lz -lpng12 -lpthread -lrt -ldl -lXft -lfontconfig  >&5
conftest.c:128:6: warning: conflicting types for built-in function 'vsnprintf' [enabled by default]
 char vsnprintf ();
      ^
configure:16391: $? = 0
configure:16413: result: yes
configure:16435: Will expect FOX to be in /usr/local/etc/reduce/cslbuild/x86_64-unknown-ubuntu14.04
configure:16609: checking for cygpath
configure:16639: result: no
configure:16823: creating ./config.status

## ---------------------- ##
## Running config.status. ##
## ---------------------- ##

This file was extended by FOXTESTS config.status 1.4.21, which was
generated by GNU Autoconf 2.63.  Invocation command line was

  CONFIG_FILES    = 
  CONFIG_HEADERS  = 
  CONFIG_LINKS    = 
  CONFIG_COMMANDS = 
  $ ./config.status 

on loris-5

config.status:17561: creating Makefile
config.status:17778: executing depfiles commands

## ---------------- ##
## Cache variables. ##
## ---------------- ##

ac_cv_build='x86_64-unknown-linux-gnu'
ac_cv_c_bigendian='no'
ac_cv_c_compiler_gnu='yes'
ac_cv_c_const='yes'
ac_cv_c_volatile='yes'
ac_cv_cxx_compiler_gnu='yes'
ac_cv_env_CCC_set=''
ac_cv_env_CCC_value=''
ac_cv_env_CC_set=''
ac_cv_env_CC_value=''
ac_cv_env_CFLAGS_set='set'
ac_cv_env_CFLAGS_value=' '
ac_cv_env_CPPFLAGS_set=''
ac_cv_env_CPPFLAGS_value=''
ac_cv_env_CPP_set=''
ac_cv_env_CPP_value=''
ac_cv_env_CXXCPP_set=''
ac_cv_env_CXXCPP_value=''
ac_cv_env_CXXFLAGS_set='set'
ac_cv_env_CXXFLAGS_value=' '
ac_cv_env_CXX_set=''
ac_cv_env_CXX_value=''
ac_cv_env_LDFLAGS_set=''
ac_cv_env_LDFLAGS_value=''
ac_cv_env_LIBS_set=''
ac_cv_env_LIBS_value=''
ac_cv_env_build_alias_set=''
ac_cv_env_build_alias_value=''
ac_cv_env_host_alias_set=''
ac_cv_env_host_alias_value=''
ac_cv_env_target_alias_set=''
ac_cv_env_target_alias_value=''
ac_cv_file__usr_X11R6_lib64='no'
ac_cv_func__doprnt='no'
ac_cv_func_alloca_works='yes'
ac_cv_func_atexit='yes'
ac_cv_func_closedir_void='no'
ac_cv_func_fork='yes'
ac_cv_func_ftruncate='yes'
ac_cv_func_getcwd='yes'
ac_cv_func_gethostbyaddr='yes'
ac_cv_func_gethostbyname='yes'
ac_cv_func_inet_ntoa='yes'
ac_cv_func_lstat_dereferences_slashed_symlink='yes'
ac_cv_func_lstat_empty_string_bug='no'
ac_cv_func_memcmp_working='yes'
ac_cv_func_memmove='yes'
ac_cv_func_memset='yes'
ac_cv_func_mkdir='yes'
ac_cv_func_popen='yes'
ac_cv_func_pow='no'
ac_cv_func_rmdir='yes'
ac_cv_func_setvbuf_reversed='no'
ac_cv_func_shmat='yes'
ac_cv_func_shmctl='yes'
ac_cv_func_shmdt='yes'
ac_cv_func_shmget='yes'
ac_cv_func_socket='yes'
ac_cv_func_sqrt='no'
ac_cv_func_stat_empty_string_bug='no'
ac_cv_func_strchr='yes'
ac_cv_func_strdup='yes'
ac_cv_func_strrchr='yes'
ac_cv_func_strstr='yes'
ac_cv_func_utime='yes'
ac_cv_func_utime_null='yes'
ac_cv_func_vprintf='yes'
ac_cv_func_vsnprintf='yes'
ac_cv_func_wait='yes'
ac_cv_func_waitpid='yes'
ac_cv_header_X11_Xft_Xft_h='yes'
ac_cv_header_X11_extensions_Xrandr_h='no'
ac_cv_header_arpa_inet_h='yes'
ac_cv_header_dirent_dirent_h='yes'
ac_cv_header_fcntl_h='yes'
ac_cv_header_float_h='yes'
ac_cv_header_inttypes_h='yes'
ac_cv_header_malloc_h='yes'
ac_cv_header_memory_h='yes'
ac_cv_header_netdb_h='yes'
ac_cv_header_netinet_in_h='yes'
ac_cv_header_signal_h='yes'
ac_cv_header_stat_broken='no'
ac_cv_header_stdc='yes'
ac_cv_header_stddef_h='yes'
ac_cv_header_stdint_h='yes'
ac_cv_header_stdlib_h='yes'
ac_cv_header_string_h='yes'
ac_cv_header_strings_h='yes'
ac_cv_header_sys_ipc_h='yes'
ac_cv_header_sys_param_h='yes'
ac_cv_header_sys_shm_h='yes'
ac_cv_header_sys_socket_h='yes'
ac_cv_header_sys_stat_h='yes'
ac_cv_header_sys_time_h='yes'
ac_cv_header_sys_times_h='yes'
ac_cv_header_sys_types_h='yes'
ac_cv_header_sys_wait_h='yes'
ac_cv_header_unistd_h='yes'
ac_cv_header_utime_h='yes'
ac_cv_host='x86_64-unknown-linux-gnu'
ac_cv_lib_Xcursor_XcursorImageCreate='no'
ac_cv_lib_Xft_XftFontOpen='yes'
ac_cv_lib_Xrandr_XRRQueryExtension='no'
ac_cv_lib_Xrender_XRenderCreateCursor='yes'
ac_cv_lib_dl_dlopen='yes'
ac_cv_lib_error_at_line='yes'
ac_cv_lib_fontconfig_FcConfigCreate='yes'
ac_cv_lib_nsl_gethostbyname='yes'
ac_cv_lib_pthread_pthread_create='yes'
ac_cv_lib_rt_clock_nanosleep='yes'
ac_cv_lib_socket_socket='no'
ac_cv_objext='o'
ac_cv_path_EGREP='/bin/grep -E'
ac_cv_path_FREETYPE_CONFIG='/usr/bin/freetype-config'
ac_cv_path_GREP='/bin/grep'
ac_cv_path_install='/usr/bin/install -c'
ac_cv_path_mkdir='/bin/mkdir'
ac_cv_prog_AR='ar'
ac_cv_prog_AWK='mawk'
ac_cv_prog_CPP='gcc -E'
ac_cv_prog_CXXCPP='g++ -E'
ac_cv_prog_SED='sed'
ac_cv_prog_STRIP='strip'
ac_cv_prog_ac_ct_CC='gcc'
ac_cv_prog_ac_ct_CXX='g++'
ac_cv_prog_cc_c89=''
ac_cv_prog_cc_g='yes'
ac_cv_prog_cxx_g='yes'
ac_cv_prog_make_make_set='yes'
ac_cv_search_opendir='none required'
ac_cv_sizeof_int='4'
ac_cv_sizeof_long='8'
ac_cv_sizeof_long_long='8'
ac_cv_sizeof_short_int='2'
ac_cv_sizeof_void_p='8'
ac_cv_struct_tm='time.h'
ac_cv_type_int16_t='yes'
ac_cv_type_int32_t='yes'
ac_cv_type_int64_t='yes'
ac_cv_type_int8_t='yes'
ac_cv_type_intptr_t='yes'
ac_cv_type_signal='void'
ac_cv_type_socklen_t='yes'
ac_cv_type_u_int16_t='no'
ac_cv_type_u_int32_t='no'
ac_cv_type_u_int64_t='no'
ac_cv_type_u_int8_t='no'
ac_cv_type_u_intptr_t='no'
ac_cv_type_uint16_t='yes'
ac_cv_type_uint32_t='yes'
ac_cv_type_uint64_t='yes'
ac_cv_type_uint8_t='yes'
ac_cv_type_uintptr_t='yes'
ac_cv_working_alloca_h='yes'
am_cv_CC_dependencies_compiler_type='gcc3'
am_cv_CXX_dependencies_compiler_type='gcc3'

## ----------------- ##
## Output variables. ##
## ----------------- ##

ACLOCAL='${SHELL} /usr/local/etc/reduce/csl/missing --run aclocal-1.10'
ALLOCA=''
AMDEPBACKSLASH='\'
AMDEP_FALSE='#'
AMDEP_TRUE=''
AMTAR='${SHELL} /usr/local/etc/reduce/csl/missing --run tar'
AR='ar'
AUTOCONF='${SHELL} /usr/local/etc/reduce/csl/missing --run autoconf'
AUTOHEADER='${SHELL} /usr/local/etc/reduce/csl/missing --run autoheader'
AUTOMAKE='${SHELL} /usr/local/etc/reduce/csl/missing --run automake-1.10'
AWK='mawk'
CC='gcc'
CCDEPMODE='depmode=gcc3'
CFLAGS='  -I/usr/include/freetype2 -fno-strict-aliasing -O2 -Wall'
CPP='gcc -E'
CPPFLAGS=' -I/usr/include/freetype2 -I/usr/local/etc/reduce/cslbuild/x86_64-unknown-ubuntu14.04/include/fox-1.6'
CXX='g++'
CXXCPP='g++ -E'
CXXDEPMODE='depmode=gcc3'
CXXFLAGS='  -I/usr/include/freetype2 -fno-strict-aliasing -O2 -Wall'
CYGPATH='no'
CYGPATH_W='echo'
DEFS='-DPACKAGE_NAME=\"FOXTESTS\" -DPACKAGE_TARNAME=\"foxtests\" -DPACKAGE_VERSION=\"1.4.21\" -DPACKAGE_STRING=\"FOXTESTS\ 1.4.21\" -DPACKAGE_BUGREPORT=\"\" -DPACKAGE=\"foxtests\" -DVERSION=\"1.4.21\" -DHOST_CPU=\"x86_64\" -DHOST_VENDOR=\"unknown\" -DHOST_OS=\"linux-gnu\" -DUNIX=1 -DHAVE_LIBFONTCONFIG=1 -DHAVE_LIBXFT=1 -DSTDC_HEADERS=1 -DHAVE_SYS_TYPES_H=1 -DHAVE_SYS_STAT_H=1 -DHAVE_STDLIB_H=1 -DHAVE_STRING_H=1 -DHAVE_MEMORY_H=1 -DHAVE_STRINGS_H=1 -DHAVE_INTTYPES_H=1 -DHAVE_STDINT_H=1 -DHAVE_UNISTD_H=1 -DHAVE_LIBXFT=1 -DHAVE_LIBDL=1 -DHAVE_LIBRT=1 -DHAVE_LIBPTHREAD=1 -DHAVE_LIBXRENDER=1 -DHAVE_ALLOCA_H=1 -DHAVE_ALLOCA=1 -DHAVE_DIRENT_H=1 -DHAVE_SYS_WAIT_H=1 -DHAVE_FCNTL_H=1 -DHAVE_FLOAT_H=1 -DHAVE_MALLOC_H=1 -DHAVE_MEMORY_H=1 -DHAVE_STDDEF_H=1 -DHAVE_STDLIB_H=1 -DHAVE_STRING_H=1 -DHAVE_STDINT_H=1 -DHAVE_SYS_PARAM_H=1 -DHAVE_SYS_TIME_H=1 -DHAVE_SYS_TIMES_H=1 -DHAVE_UNISTD_H=1 -DHAVE_UTIME_H=1 -DHAVE_ARPA_INET_H=1 -DHAVE_NETDB_H=1 -DHAVE_NETINET_IN_H=1 -DHAVE_SYS_SOCKET_H=1 -DHAVE_SYS_STAT_H=1 -DHAVE_SYS_TYPES_H=1 -DHAVE_SYS_WAIT_H=1 -DHAVE_SYS_SHM_H=1 -DHAVE_SYS_IPC_H=1 -DHAVE_SIGNAL_H=1 -DHAVE_INT8_T=1 -DHAVE_INT16_T=1 -DHAVE_INT32_T=1 -DHAVE_INT64_T=1 -DHAVE_INTPTR_T=1 -DHAVE_UINT8_T=1 -DHAVE_UINT16_T=1 -DHAVE_UINT32_T=1 -DHAVE_UINT64_T=1 -DHAVE_UINTPTR_T=1 -DSIZEOF_VOID_P=8 -DSIZEOF_SHORT_INT=2 -DSIZEOF_INT=4 -DSIZEOF_LONG=8 -DSIZEOF_LONG_LONG=8 -DHAVE_SOCKLEN_T=1 -DHAVE_LIBNSL=1 -DLSTAT_FOLLOWS_SLASHED_SYMLINK=1 -DLSTAT_FOLLOWS_SLASHED_SYMLINK=1 -DRETSIGTYPE=void -DHAVE_UTIME_H=1 -DHAVE_UTIME_NULL=1 -DHAVE_VPRINTF=1 -DHAVE_ATEXIT=1 -DHAVE_FTRUNCATE=1 -DHAVE_GETCWD=1 -DHAVE_GETHOSTBYADDR=1 -DHAVE_GETHOSTBYNAME=1 -DHAVE_INET_NTOA=1 -DHAVE_MEMMOVE=1 -DHAVE_MEMSET=1 -DHAVE_MKDIR=1 -DHAVE_RMDIR=1 -DHAVE_SOCKET=1 -DHAVE_STRCHR=1 -DHAVE_STRDUP=1 -DHAVE_STRRCHR=1 -DHAVE_STRSTR=1 -DHAVE_UTIME=1 -DHAVE_POPEN=1 -DHAVE_FORK=1 -DHAVE_WAIT=1 -DHAVE_WAITPID=1 -DHAVE_SHMGET=1 -DHAVE_SHMAT=1 -DHAVE_SHMDT=1 -DHAVE_SHMCTL=1 -DHAVE_VSNPRINTF=1 -DHAVE_LIBFOX=1'
DEPDIR='.deps'
DLL_CFLAGS='  -shared -fPIC -fno-strict-aliasing -O2'
ECHO_C=''
ECHO_N='-n'
ECHO_T=''
EGREP='/bin/grep -E'
EXEEXT=''
FOXDEPS='/usr/local/etc/reduce/cslbuild/x86_64-unknown-ubuntu14.04/lib/libFOX-1.6.a'
FOXLIB='/usr/local/etc/reduce/cslbuild/x86_64-unknown-ubuntu14.04/lib/libFOX*'
FREETYPE_CONFIG='/usr/bin/freetype-config'
GREP='/bin/grep'
INSTALL_DATA='${INSTALL} -m 644'
INSTALL_PROGRAM='${INSTALL}'
INSTALL_SCRIPT='${INSTALL}'
INSTALL_STRIP_PROGRAM='$(install_sh) -c -s'
LDFLAGS=' -L/usr/X11R6/lib -Wl,--hash-style=both -L/usr/local/etc/reduce/cslbuild/x86_64-unknown-ubuntu14.04/lib'
LIBOBJS=''
LIBS='-lFOX-1.6 -lnsl -lXrender -lXext -lX11 -L/usr/lib/x86_64-linux-gnu -lfreetype -lz -lpng12 -lpthread -lrt -ldl -lXft -lfontconfig '
LN_S='ln -s'
LTLIBOBJS=''
MAKE='make'
MAKEINFO='${SHELL} /usr/local/etc/reduce/csl/missing --run makeinfo'
MKDIR_P='/bin/mkdir -p'
OBJEXT='o'
PACKAGE='foxtests'
PACKAGE_BUGREPORT=''
PACKAGE_NAME='FOXTESTS'
PACKAGE_STRING='FOXTESTS 1.4.21'
PACKAGE_TARNAME='foxtests'
PACKAGE_VERSION='1.4.21'
PATH_SEPARATOR=':'
SED='sed'
SET_MAKE=''
SHELL='/bin/sh'
STRIP='strip'
VERSION='1.4.21'
WINDRES='windres'
XFT_CONFIG='no'
ac_ct_CC='gcc'
ac_ct_CXX='g++'
am__fastdepCC_FALSE='#'
am__fastdepCC_TRUE=''
am__fastdepCXX_FALSE='#'
am__fastdepCXX_TRUE=''
am__include='include'
am__isrc=' -I$(srcdir)'
am__leading_dot='.'
am__quote=''
am__tar='${AMTAR} chof - "$$tardir"'
am__untar='${AMTAR} xf -'
bindir='${exec_prefix}/bin'
build='x86_64-unknown-linux-gnu'
build_alias=''
build_cpu='x86_64'
build_os='linux-gnu'
build_vendor='unknown'
datadir='${datarootdir}'
datarootdir='${prefix}/share'
docdir='${datarootdir}/doc/${PACKAGE_TARNAME}'
dvidir='${docdir}'
exec_prefix='${prefix}'
host='x86_64-unknown-linux-gnu'
host_alias=''
host_cpu='x86_64'
host_os='linux-gnu'
host_vendor='unknown'
htmldir='${docdir}'
includedir='${prefix}/include'
infodir='${datarootdir}/info'
install_sh='$(SHELL) /usr/local/etc/reduce/csl/install-sh'
libdir='${exec_prefix}/lib'
libexecdir='${exec_prefix}/libexec'
localedir='${datarootdir}/locale'
localstatedir='${prefix}/var'
mandir='${datarootdir}/man'
mkdir_p='/bin/mkdir -p'
oldincludedir='/usr/include'
pdfdir='${docdir}'
prefix='/usr/local'
program_transform_name='s,x,x,'
psdir='${docdir}'
sbindir='${exec_prefix}/sbin'
sharedstatedir='${prefix}/com'
sysconfdir='${prefix}/etc'
target_alias=''

## ----------- ##
## confdefs.h. ##
## ----------- ##

#define PACKAGE_NAME "FOXTESTS"
#define PACKAGE_TARNAME "foxtests"
#define PACKAGE_VERSION "1.4.21"
#define PACKAGE_STRING "FOXTESTS 1.4.21"
#define PACKAGE_BUGREPORT ""
#define PACKAGE "foxtests"
#define VERSION "1.4.21"
#define HOST_CPU "x86_64"
#define HOST_VENDOR "unknown"
#define HOST_OS "linux-gnu"
#define UNIX 1
#define HAVE_LIBFONTCONFIG 1
#define HAVE_LIBXFT 1
#define STDC_HEADERS 1
#define HAVE_SYS_TYPES_H 1
#define HAVE_SYS_STAT_H 1
#define HAVE_STDLIB_H 1
#define HAVE_STRING_H 1
#define HAVE_MEMORY_H 1
#define HAVE_STRINGS_H 1
#define HAVE_INTTYPES_H 1
#define HAVE_STDINT_H 1
#define HAVE_UNISTD_H 1
#define HAVE_LIBXFT 1
#define HAVE_LIBDL 1
#define HAVE_LIBRT 1
#define HAVE_LIBPTHREAD 1
#define HAVE_LIBXRENDER 1
#define HAVE_ALLOCA_H 1
#define HAVE_ALLOCA 1
#define HAVE_DIRENT_H 1
#define HAVE_SYS_WAIT_H 1
#define HAVE_FCNTL_H 1
#define HAVE_FLOAT_H 1
#define HAVE_MALLOC_H 1
#define HAVE_MEMORY_H 1
#define HAVE_STDDEF_H 1
#define HAVE_STDLIB_H 1
#define HAVE_STRING_H 1
#define HAVE_STDINT_H 1
#define HAVE_SYS_PARAM_H 1
#define HAVE_SYS_TIME_H 1
#define HAVE_SYS_TIMES_H 1
#define HAVE_UNISTD_H 1
#define HAVE_UTIME_H 1
#define HAVE_ARPA_INET_H 1
#define HAVE_NETDB_H 1
#define HAVE_NETINET_IN_H 1
#define HAVE_SYS_SOCKET_H 1
#define HAVE_SYS_STAT_H 1
#define HAVE_SYS_TYPES_H 1
#define HAVE_SYS_WAIT_H 1
#define HAVE_SYS_SHM_H 1
#define HAVE_SYS_IPC_H 1
#define HAVE_SIGNAL_H 1
#define HAVE_INT8_T 1
#define HAVE_INT16_T 1
#define HAVE_INT32_T 1
#define HAVE_INT64_T 1
#define HAVE_INTPTR_T 1
#define HAVE_UINT8_T 1
#define HAVE_UINT16_T 1
#define HAVE_UINT32_T 1
#define HAVE_UINT64_T 1
#define HAVE_UINTPTR_T 1
#define SIZEOF_VOID_P 8
#define SIZEOF_SHORT_INT 2
#define SIZEOF_INT 4
#define SIZEOF_LONG 8
#define SIZEOF_LONG_LONG 8
#define HAVE_SOCKLEN_T 1
#define HAVE_LIBNSL 1
#define LSTAT_FOLLOWS_SLASHED_SYMLINK 1
#define LSTAT_FOLLOWS_SLASHED_SYMLINK 1
#define RETSIGTYPE void
#define HAVE_UTIME_H 1
#define HAVE_UTIME_NULL 1
#define HAVE_VPRINTF 1
#define HAVE_ATEXIT 1
#define HAVE_FTRUNCATE 1
#define HAVE_GETCWD 1
#define HAVE_GETHOSTBYADDR 1
#define HAVE_GETHOSTBYNAME 1
#define HAVE_INET_NTOA 1
#define HAVE_MEMMOVE 1
#define HAVE_MEMSET 1
#define HAVE_MKDIR 1
#define HAVE_RMDIR 1
#define HAVE_SOCKET 1
#define HAVE_STRCHR 1
#define HAVE_STRDUP 1
#define HAVE_STRRCHR 1
#define HAVE_STRSTR 1
#define HAVE_UTIME 1
#define HAVE_POPEN 1
#define HAVE_FORK 1
#define HAVE_WAIT 1
#define HAVE_WAITPID 1
#define HAVE_SHMGET 1
#define HAVE_SHMAT 1
#define HAVE_SHMDT 1
#define HAVE_SHMCTL 1
#define HAVE_VSNPRINTF 1
#define HAVE_LIBFOX 1

configure: exit 0
